Using pre-set license
Built from '2021.3/staging' branch; Version is '2021.3.21f1 (1b156197d683) revision 1774945'; Using compiler version '192829333'; Build Type 'Release'
OS: 'Windows 11  (10.0.22621) 64bit Core' Language: 'pt' Physical Memory: 16221 MB
BatchMode: 1, IsHumanControllingUs: 0, StartBugReporterOnCrash: 0, Is64bit: 1, IsPro: 1

COMMAND LINE ARGUMENTS:
C:\Program Files\Unity\Hub\Editor\2021.3.21f1\Editor\Unity.exe
-adb2
-batchMode
-noUpm
-name
AssetImportWorker5
-projectPath
C:/Users/marta/Documents/GitHub/SchoolGame/SchoolGame
-logFile
Logs/AssetImportWorker5.log
-srvPort
60519
Successfully changed project path to: C:/Users/marta/Documents/GitHub/SchoolGame/SchoolGame
C:/Users/marta/Documents/GitHub/SchoolGame/SchoolGame
[UnityMemory] Configuration Parameters - Can be set up in boot.config
    "memorysetup-bucket-allocator-granularity=16"
    "memorysetup-bucket-allocator-bucket-count=8"
    "memorysetup-bucket-allocator-block-size=33554432"
    "memorysetup-bucket-allocator-block-count=8"
    "memorysetup-main-allocator-block-size=16777216"
    "memorysetup-thread-allocator-block-size=16777216"
    "memorysetup-gfx-main-allocator-block-size=16777216"
    "memorysetup-gfx-thread-allocator-block-size=16777216"
    "memorysetup-cache-allocator-block-size=4194304"
    "memorysetup-typetree-allocator-block-size=2097152"
    "memorysetup-profiler-bucket-allocator-granularity=16"
    "memorysetup-profiler-bucket-allocator-bucket-count=8"
    "memorysetup-profiler-bucket-allocator-block-size=33554432"
    "memorysetup-profiler-bucket-allocator-block-count=8"
    "memorysetup-profiler-allocator-block-size=16777216"
    "memorysetup-profiler-editor-allocator-block-size=1048576"
    "memorysetup-temp-allocator-size-main=16777216"
    "memorysetup-job-temp-allocator-block-size=2097152"
    "memorysetup-job-temp-allocator-block-size-background=1048576"
    "memorysetup-job-temp-allocator-reduction-small-platforms=262144"
    "memorysetup-temp-allocator-size-background-worker=32768"
    "memorysetup-temp-allocator-size-job-worker=262144"
    "memorysetup-temp-allocator-size-preload-manager=33554432"
    "memorysetup-temp-allocator-size-nav-mesh-worker=65536"
    "memorysetup-temp-allocator-size-audio-worker=65536"
    "memorysetup-temp-allocator-size-cloud-worker=32768"
    "memorysetup-temp-allocator-size-gi-baking-worker=262144"
    "memorysetup-temp-allocator-size-gfx=262144"
Player connection [21384] Host "[IP] 192.168.1.112 [Port] 0 [Flags] 2 [Guid] 3432878694 [EditorId] 3432878694 [Version] 1048832 [Id] WindowsEditor(7,LAPTOP-H5F1OK20) [Debug] 1 [PackageName] WindowsEditor [ProjectName] Editor" joined multi-casting on [225.0.0.222:54997]...

Player connection [21384] Host "[IP] 192.168.1.112 [Port] 0 [Flags] 2 [Guid] 3432878694 [EditorId] 3432878694 [Version] 1048832 [Id] WindowsEditor(7,LAPTOP-H5F1OK20) [Debug] 1 [PackageName] WindowsEditor [ProjectName] Editor" joined alternative multi-casting on [225.0.0.222:34997]...

Refreshing native plugins compatible for Editor in 216.83 ms, found 3 plugins.
Preloading 0 native plugins for Editor in 0.00 ms.
Initialize engine version: 2021.3.21f1 (1b156197d683)
[Subsystems] Discovering subsystems at path C:/Program Files/Unity/Hub/Editor/2021.3.21f1/Editor/Data/Resources/UnitySubsystems
[Subsystems] Discovering subsystems at path C:/Users/marta/Documents/GitHub/SchoolGame/SchoolGame/Assets
GfxDevice: creating device client; threaded=0; jobified=0
Direct3D:
    Version:  Direct3D 11.0 [level 11.1]
    Renderer: NVIDIA GeForce GTX 1650 (ID=0x1f99)
    Vendor:   NVIDIA
    VRAM:     3962 MB
    Driver:   31.0.15.1640
Initialize mono
Mono path[0] = 'C:/Program Files/Unity/Hub/Editor/2021.3.21f1/Editor/Data/Managed'
Mono path[1] = 'C:/Program Files/Unity/Hub/Editor/2021.3.21f1/Editor/Data/MonoBleedingEdge/lib/mono/unityjit-win32'
Mono config path = 'C:/Program Files/Unity/Hub/Editor/2021.3.21f1/Editor/Data/MonoBleedingEdge/etc'
Using monoOptions --debugger-agent=transport=dt_socket,embedding=1,server=y,suspend=n,address=127.0.0.1:56240
Begin MonoManager ReloadAssembly
Registering precompiled unity dll's ...
Register platform support module: C:/Program Files/Unity/Hub/Editor/2021.3.21f1/Editor/Data/PlaybackEngines/WebGLSupport/UnityEditor.WebGL.Extensions.dll
Register platform support module: C:/Program Files/Unity/Hub/Editor/2021.3.21f1/Editor/Data/PlaybackEngines/AndroidPlayer/UnityEditor.Android.Extensions.dll
Register platform support module: C:/Program Files/Unity/Hub/Editor/2021.3.21f1/Editor/Data/PlaybackEngines/iOSSupport/UnityEditor.iOS.Extensions.dll
Register platform support module: C:/Program Files/Unity/Hub/Editor/2021.3.21f1/Editor/Data/PlaybackEngines/WindowsStandaloneSupport/UnityEditor.WindowsStandalone.Extensions.dll
Registered in 0.008371 seconds.
Native extension for WindowsStandalone target not found
[usbmuxd] Start listen thread
[usbmuxd] Listen thread started
Native extension for iOS target not found
Native extension for Android target not found
Android Extension - Scanning For ADB Devices 568 ms
Native extension for WebGL target not found
Refreshing native plugins compatible for Editor in 185.95 ms, found 3 plugins.
Preloading 0 native plugins for Editor in 0.00 ms.
Mono: successfully reloaded assembly
- Completed reload, in  1.674 seconds
Domain Reload Profiling:
	ReloadAssembly (1675ms)
		BeginReloadAssembly (138ms)
			ExecutionOrderSort (0ms)
			DisableScriptedObjects (0ms)
			BackupInstance (0ms)
			ReleaseScriptingObjects (0ms)
			CreateAndSetChildDomain (1ms)
		EndReloadAssembly (1418ms)
			LoadAssemblies (136ms)
			RebuildTransferFunctionScriptingTraits (0ms)
			SetupTypeCache (178ms)
			ReleaseScriptCaches (0ms)
			RebuildScriptCaches (42ms)
			SetupLoadedEditorAssemblies (1117ms)
				LogAssemblyErrors (0ms)
				InitializePlatformSupportModulesInManaged (737ms)
				SetLoadedEditorAssemblies (0ms)
				RefreshPlugins (186ms)
				BeforeProcessingInitializeOnLoad (2ms)
				ProcessInitializeOnLoadAttributes (137ms)
				ProcessInitializeOnLoadMethodAttributes (55ms)
				AfterProcessingInitializeOnLoad (0ms)
				EditorAssembliesLoaded (0ms)
			ExecutionOrderSort2 (0ms)
			AwakeInstancesAfterBackupRestoration (0ms)
Platform modules already initialized, skipping
Registering precompiled user dll's ...
Registered in 0.020088 seconds.
Begin MonoManager ReloadAssembly
Symbol file LoadedFromMemory doesn't match image C:\Users\marta\Documents\GitHub\SchoolGame\SchoolGame\Library\PackageCache\com.unity.visualscripting@1.8.0\Editor\VisualScripting.Core\Dependencies\YamlDotNet\Unity.VisualScripting.YamlDotNet.dll
Symbol file LoadedFromMemory doesn't match image C:\Users\marta\Documents\GitHub\SchoolGame\SchoolGame\Library\PackageCache\com.unity.visualscripting@1.8.0\Editor\VisualScripting.Core\Dependencies\DotNetZip\Unity.VisualScripting.IonicZip.dll
Native extension for WindowsStandalone target not found
Native extension for iOS target not found
Native extension for Android target not found
Native extension for WebGL target not found
Refreshing native plugins compatible for Editor in 135.55 ms, found 3 plugins.
Preloading 0 native plugins for Editor in 0.00 ms.
Mono: successfully reloaded assembly
- Completed reload, in  2.055 seconds
Domain Reload Profiling:
	ReloadAssembly (2056ms)
		BeginReloadAssembly (187ms)
			ExecutionOrderSort (0ms)
			DisableScriptedObjects (8ms)
			BackupInstance (0ms)
			ReleaseScriptingObjects (0ms)
			CreateAndSetChildDomain (28ms)
		EndReloadAssembly (1723ms)
			LoadAssemblies (171ms)
			RebuildTransferFunctionScriptingTraits (0ms)
			SetupTypeCache (460ms)
			ReleaseScriptCaches (1ms)
			RebuildScriptCaches (105ms)
			SetupLoadedEditorAssemblies (948ms)
				LogAssemblyErrors (0ms)
				InitializePlatformSupportModulesInManaged (29ms)
				SetLoadedEditorAssemblies (0ms)
				RefreshPlugins (136ms)
				BeforeProcessingInitializeOnLoad (192ms)
				ProcessInitializeOnLoadAttributes (483ms)
				ProcessInitializeOnLoadMethodAttributes (99ms)
				AfterProcessingInitializeOnLoad (9ms)
				EditorAssembliesLoaded (0ms)
			ExecutionOrderSort2 (0ms)
			AwakeInstancesAfterBackupRestoration (9ms)
Platform modules already initialized, skipping
========================================================================
Worker process is ready to serve import requests
Launched and connected shader compiler UnityShaderCompiler.exe after 0.09 seconds
Refreshing native plugins compatible for Editor in 1.51 ms, found 3 plugins.
Preloading 0 native plugins for Editor in 0.00 ms.
Unloading 5607 Unused Serialized files (Serialized files now loaded: 0)
Unloading 78 unused Assets / (2.0 MB). Loaded Objects now: 6060.
Memory consumption went from 247.5 MB to 245.6 MB.
Total: 5.558000 ms (FindLiveObjects: 0.498900 ms CreateObjectMapping: 0.475200 ms MarkObjects: 3.979400 ms  DeleteObjects: 0.602900 ms)

AssetImportParameters requested are different than current active one (requested -> active):
  custom:video-decoder-ogg-theora: a1e56fd34408186e4bbccfd4996cb3dc -> 
  custom:container-muxer-webm: aa71ff27fc2769a1b78a27578f13a17b -> 
  custom:container-demuxer-webm: 4f35f7cbe854078d1ac9338744f61a02 -> 
  custom:video-encoder-webm-vp8: eb34c28f22e8b96e1ab97ce403110664 -> 
  custom:audio-encoder-webm-vorbis: bf7c407c2cedff20999df2af8eb42d56 -> 
  custom:framework-win-MediaFoundation: 216162199b28c13a410421893ffa2e32 -> 
  custom:container-demuxer-ogg: 62fdf1f143b41e24485cea50d1cbac27 -> 
  custom:video-decoder-webm-vp8: 9c59270c3fd7afecdb556c50c9e8de78 -> 
  custom:audio-decoder-ogg-vorbis: bf7c407c2cedff20999df2af8eb42d56 -> 
========================================================================
Received Import Request.
  Time since last request: 10867.365016 seconds.
  path: Assets/Travis Game Assets/Hit Impact Effects/Prefabs/Hits/Hit_03.prefab
  artifactKey: Guid(f5507a8c6a22c404ab324980c4e8a11b) Importer(815301076,1909f56bfc062723c751e8b465ee728b)
Start importing Assets/Travis Game Assets/Hit Impact Effects/Prefabs/Hits/Hit_03.prefab using Guid(f5507a8c6a22c404ab324980c4e8a11b) Importer(815301076,1909f56bfc062723c751e8b465ee728b)  -> (artifact id: '8b05b1ca225ac3996853e126e4ffca8f') in 0.448688 seconds 
========================================================================
Received Prepare
Registering precompiled user dll's ...
Registered in 0.054521 seconds.
Begin MonoManager ReloadAssembly
Symbol file LoadedFromMemory doesn't match image C:\Users\marta\Documents\GitHub\SchoolGame\SchoolGame\Library\PackageCache\com.unity.visualscripting@1.8.0\Editor\VisualScripting.Core\Dependencies\YamlDotNet\Unity.VisualScripting.YamlDotNet.dll
Symbol file LoadedFromMemory doesn't match image C:\Users\marta\Documents\GitHub\SchoolGame\SchoolGame\Library\PackageCache\com.unity.visualscripting@1.8.0\Editor\VisualScripting.Core\Dependencies\DotNetZip\Unity.VisualScripting.IonicZip.dll
Native extension for WindowsStandalone target not found
Native extension for iOS target not found
Native extension for Android target not found
Native extension for WebGL target not found
Refreshing native plugins compatible for Editor in 1.50 ms, found 3 plugins.
Preloading 0 native plugins for Editor in 0.00 ms.
Mono: successfully reloaded assembly
- Completed reload, in  3.296 seconds
Domain Reload Profiling:
	ReloadAssembly (3298ms)
		BeginReloadAssembly (364ms)
			ExecutionOrderSort (0ms)
			DisableScriptedObjects (16ms)
			BackupInstance (0ms)
			ReleaseScriptingObjects (0ms)
			CreateAndSetChildDomain (106ms)
		EndReloadAssembly (2640ms)
			LoadAssemblies (361ms)
			RebuildTransferFunctionScriptingTraits (0ms)
			SetupTypeCache (942ms)
			ReleaseScriptCaches (2ms)
			RebuildScriptCaches (101ms)
			SetupLoadedEditorAssemblies (1162ms)
				LogAssemblyErrors (0ms)
				InitializePlatformSupportModulesInManaged (41ms)
				SetLoadedEditorAssemblies (1ms)
				RefreshPlugins (2ms)
				BeforeProcessingInitializeOnLoad (177ms)
				ProcessInitializeOnLoadAttributes (792ms)
				ProcessInitializeOnLoadMethodAttributes (134ms)
				AfterProcessingInitializeOnLoad (14ms)
				EditorAssembliesLoaded (0ms)
			ExecutionOrderSort2 (0ms)
			AwakeInstancesAfterBackupRestoration (19ms)
Platform modules already initialized, skipping
Refreshing native plugins compatible for Editor in 4.63 ms, found 3 plugins.
Preloading 0 native plugins for Editor in 0.00 ms.
Unloading 5450 Unused Serialized files (Serialized files now loaded: 0)
Unloading 57 unused Assets / (1.9 MB). Loaded Objects now: 6128.
Memory consumption went from 244.2 MB to 242.3 MB.
Total: 6.618300 ms (FindLiveObjects: 0.599700 ms CreateObjectMapping: 0.537000 ms MarkObjects: 4.760300 ms  DeleteObjects: 0.719000 ms)

AssetImportParameters requested are different than current active one (requested -> active):
  custom:video-decoder-ogg-theora: a1e56fd34408186e4bbccfd4996cb3dc -> 
  custom:container-muxer-webm: aa71ff27fc2769a1b78a27578f13a17b -> 
  custom:container-demuxer-webm: 4f35f7cbe854078d1ac9338744f61a02 -> 
  custom:video-encoder-webm-vp8: eb34c28f22e8b96e1ab97ce403110664 -> 
  custom:audio-encoder-webm-vorbis: bf7c407c2cedff20999df2af8eb42d56 -> 
  custom:framework-win-MediaFoundation: 216162199b28c13a410421893ffa2e32 -> 
  custom:container-demuxer-ogg: 62fdf1f143b41e24485cea50d1cbac27 -> 
  custom:video-decoder-webm-vp8: 9c59270c3fd7afecdb556c50c9e8de78 -> 
  custom:audio-decoder-ogg-vorbis: bf7c407c2cedff20999df2af8eb42d56 -> 
========================================================================
Received Import Request.
  Time since last request: 192.229834 seconds.
  path: Assets/EffectTexturesAndPrefabs/Prefabs/Cube.prefab
  artifactKey: Guid(3db9e95faad829f4b953f712b1811fc5) Importer(815301076,1909f56bfc062723c751e8b465ee728b)
Start importing Assets/EffectTexturesAndPrefabs/Prefabs/Cube.prefab using Guid(3db9e95faad829f4b953f712b1811fc5) Importer(815301076,1909f56bfc062723c751e8b465ee728b)  -> (artifact id: '58810d2d75ec89eeba74b9e5a800669d') in 0.388590 seconds 
========================================================================
Received Import Request.
  Time since last request: 0.000054 seconds.
  path: Assets/EffectTexturesAndPrefabs/Prefabs/Star_B.prefab
  artifactKey: Guid(2547a66872ebe45408ace228820a79e1) Importer(815301076,1909f56bfc062723c751e8b465ee728b)
Start importing Assets/EffectTexturesAndPrefabs/Prefabs/Star_B.prefab using Guid(2547a66872ebe45408ace228820a79e1) Importer(815301076,1909f56bfc062723c751e8b465ee728b)  -> (artifact id: '36923ec19318eb7254505999773a5653') in 0.033878 seconds 
========================================================================
Received Import Request.
  Time since last request: 0.000052 seconds.
  path: Assets/EffectTexturesAndPrefabs/Prefabs/DustSmoke_A.prefab
  artifactKey: Guid(e5df5caad603c8349ba3481b8ded0927) Importer(815301076,1909f56bfc062723c751e8b465ee728b)
Start importing Assets/EffectTexturesAndPrefabs/Prefabs/DustSmoke_A.prefab using Guid(e5df5caad603c8349ba3481b8ded0927) Importer(815301076,1909f56bfc062723c751e8b465ee728b)  -> (artifact id: '27f50485162cb64a768aa04600227954') in 0.296381 seconds 
========================================================================
Received Import Request.
  Time since last request: 0.000064 seconds.
  path: Assets/EffectTexturesAndPrefabs/Prefabs/Plane.prefab
  artifactKey: Guid(d1fbff3227e65a143b2f53a6f47faaca) Importer(815301076,1909f56bfc062723c751e8b465ee728b)
Start importing Assets/EffectTexturesAndPrefabs/Prefabs/Plane.prefab using Guid(d1fbff3227e65a143b2f53a6f47faaca) Importer(815301076,1909f56bfc062723c751e8b465ee728b)  -> (artifact id: '11f566888212e5f1deeb0bf2e1d42454') in 0.032019 seconds 
========================================================================
Received Import Request.
  Time since last request: 0.000114 seconds.
  path: Assets/EffectTexturesAndPrefabs/Prefabs/MuzzleFlash.prefab
  artifactKey: Guid(9bf79f2d846a57440a981c168c87c617) Importer(815301076,1909f56bfc062723c751e8b465ee728b)
Start importing Assets/EffectTexturesAndPrefabs/Prefabs/MuzzleFlash.prefab using Guid(9bf79f2d846a57440a981c168c87c617) Importer(815301076,1909f56bfc062723c751e8b465ee728b)  -> (artifact id: '6327a159c3a9ea80a6c04974df405efb') in 0.108373 seconds 
========================================================================
Received Import Request.
  Time since last request: 0.000039 seconds.
  path: Assets/EffectTexturesAndPrefabs/Prefabs/Fire_A.prefab
  artifactKey: Guid(8b47f39d91e61384889cff33839361dc) Importer(815301076,1909f56bfc062723c751e8b465ee728b)
Start importing Assets/EffectTexturesAndPrefabs/Prefabs/Fire_A.prefab using Guid(8b47f39d91e61384889cff33839361dc) Importer(815301076,1909f56bfc062723c751e8b465ee728b)  -> (artifact id: '88a12d6db4a8575351afb4facfc4ac1c') in 0.028064 seconds 
========================================================================
Received Import Request.
  Time since last request: 0.000055 seconds.
  path: Assets/EffectTexturesAndPrefabs/Prefabs/smoke_thin.prefab
  artifactKey: Guid(b07739ad126c6ff46875821c2a3cd124) Importer(815301076,1909f56bfc062723c751e8b465ee728b)
Start importing Assets/EffectTexturesAndPrefabs/Prefabs/smoke_thin.prefab using Guid(b07739ad126c6ff46875821c2a3cd124) Importer(815301076,1909f56bfc062723c751e8b465ee728b)  -> (artifact id: '74a514d4719054b1babbafc58b23d26c') in 0.020822 seconds 
========================================================================
Received Import Request.
  Time since last request: 0.000070 seconds.
  path: Assets/EffectTexturesAndPrefabs/Prefabs/HitEffect_A.prefab
  artifactKey: Guid(643639841fb531e4ba8097fed4eb9ac7) Importer(815301076,1909f56bfc062723c751e8b465ee728b)
Start importing Assets/EffectTexturesAndPrefabs/Prefabs/HitEffect_A.prefab using Guid(643639841fb531e4ba8097fed4eb9ac7) Importer(815301076,1909f56bfc062723c751e8b465ee728b)  -> (artifact id: '6966e6871b32654e2b17808b2fe16623') in 0.028348 seconds 
========================================================================
Received Import Request.
  Time since last request: 0.000077 seconds.
  path: Assets/EffectTexturesAndPrefabs/Prefabs/ShockWave.prefab
  artifactKey: Guid(5cbc537826220e04592d5a41a0dd985f) Importer(815301076,1909f56bfc062723c751e8b465ee728b)
Start importing Assets/EffectTexturesAndPrefabs/Prefabs/ShockWave.prefab using Guid(5cbc537826220e04592d5a41a0dd985f) Importer(815301076,1909f56bfc062723c751e8b465ee728b)  -> (artifact id: '361c905a433418bbf7589face666efb7') in 0.024423 seconds 
========================================================================
Received Import Request.
  Time since last request: 0.000048 seconds.
  path: Assets/EffectTexturesAndPrefabs/Prefabs/Fire_B.prefab
  artifactKey: Guid(83f5e574addfb424ebd95bbb8ff8b080) Importer(815301076,1909f56bfc062723c751e8b465ee728b)
Start importing Assets/EffectTexturesAndPrefabs/Prefabs/Fire_B.prefab using Guid(83f5e574addfb424ebd95bbb8ff8b080) Importer(815301076,1909f56bfc062723c751e8b465ee728b)  -> (artifact id: '4f55363e63ca44206353cf2409043a0f') in 0.040388 seconds 
========================================================================
Received Import Request.
  Time since last request: 0.000078 seconds.
  path: Assets/EffectTexturesAndPrefabs/Prefabs/Spark.prefab
  artifactKey: Guid(18c0a8b63ea8b4448a595b0c24c1384a) Importer(815301076,1909f56bfc062723c751e8b465ee728b)
Start importing Assets/EffectTexturesAndPrefabs/Prefabs/Spark.prefab using Guid(18c0a8b63ea8b4448a595b0c24c1384a) Importer(815301076,1909f56bfc062723c751e8b465ee728b)  -> (artifact id: 'acd3b2f292aa854da9d1d89cd350539a') in 0.230256 seconds 
========================================================================
Received Import Request.
  Time since last request: 16.818057 seconds.
  path: Assets/EffectTexturesAndPrefabs/Prefabs/DustSmoke_A.prefab
  artifactKey: Guid(e5df5caad603c8349ba3481b8ded0927) Importer(815301076,1909f56bfc062723c751e8b465ee728b)
Start importing Assets/EffectTexturesAndPrefabs/Prefabs/DustSmoke_A.prefab using Guid(e5df5caad603c8349ba3481b8ded0927) Importer(815301076,1909f56bfc062723c751e8b465ee728b)  -> (artifact id: '707e34763dd81f7fe403f13c169f5c59') in 2.177887 seconds 
========================================================================
Received Import Request.
  Time since last request: 0.000048 seconds.
  path: Assets/EffectTexturesAndPrefabs/Prefabs/Explosion_A.prefab
  artifactKey: Guid(779aa8c25fbd0e1488637639c9fff976) Importer(815301076,1909f56bfc062723c751e8b465ee728b)
Start importing Assets/EffectTexturesAndPrefabs/Prefabs/Explosion_A.prefab using Guid(779aa8c25fbd0e1488637639c9fff976) Importer(815301076,1909f56bfc062723c751e8b465ee728b)  -> (artifact id: 'bb1211188d3739f3ec4f4e4eb457ec44') in 1.847158 seconds 
========================================================================
Received Import Request.
  Time since last request: 14.790761 seconds.
  path: Assets/EffectTexturesAndPrefabs/Materials/Light.mat
  artifactKey: Guid(05fa321eed70c8a4abaaa1eb517bb3b7) Importer(815301076,1909f56bfc062723c751e8b465ee728b)
Start importing Assets/EffectTexturesAndPrefabs/Materials/Light.mat using Guid(05fa321eed70c8a4abaaa1eb517bb3b7) Importer(815301076,1909f56bfc062723c751e8b465ee728b)  -> (artifact id: 'e9ca2433f4a6c835b5f88b77c93c1a04') in 0.052751 seconds 
========================================================================
Received Import Request.
  Time since last request: 0.000040 seconds.
  path: Assets/EffectTexturesAndPrefabs/Materials/SparkParticle.mat
  artifactKey: Guid(188bbd7714ed53b4ab47e30ee1f8c00c) Importer(815301076,1909f56bfc062723c751e8b465ee728b)
Start importing Assets/EffectTexturesAndPrefabs/Materials/SparkParticle.mat using Guid(188bbd7714ed53b4ab47e30ee1f8c00c) Importer(815301076,1909f56bfc062723c751e8b465ee728b)  -> (artifact id: '20273470b2052cf63ee3d5fb0ea32b2f') in 0.479648 seconds 
========================================================================
Received Prepare
Registering precompiled user dll's ...
Registered in 0.019215 seconds.
Begin MonoManager ReloadAssembly
Symbol file LoadedFromMemory doesn't match image C:\Users\marta\Documents\GitHub\SchoolGame\SchoolGame\Library\PackageCache\com.unity.visualscripting@1.8.0\Editor\VisualScripting.Core\Dependencies\YamlDotNet\Unity.VisualScripting.YamlDotNet.dll
Symbol file LoadedFromMemory doesn't match image C:\Users\marta\Documents\GitHub\SchoolGame\SchoolGame\Library\PackageCache\com.unity.visualscripting@1.8.0\Editor\VisualScripting.Core\Dependencies\DotNetZip\Unity.VisualScripting.IonicZip.dll
Native extension for WindowsStandalone target not found
Native extension for iOS target not found
Native extension for Android target not found
Native extension for WebGL target not found
Refreshing native plugins compatible for Editor in 1.48 ms, found 3 plugins.
Preloading 0 native plugins for Editor in 0.00 ms.
Mono: successfully reloaded assembly
- Completed reload, in  2.496 seconds
Domain Reload Profiling:
	ReloadAssembly (2497ms)
		BeginReloadAssembly (297ms)
			ExecutionOrderSort (0ms)
			DisableScriptedObjects (13ms)
			BackupInstance (0ms)
			ReleaseScriptingObjects (0ms)
			CreateAndSetChildDomain (99ms)
		EndReloadAssembly (1996ms)
			LoadAssemblies (191ms)
			RebuildTransferFunctionScriptingTraits (0ms)
			SetupTypeCache (670ms)
			ReleaseScriptCaches (3ms)
			RebuildScriptCaches (101ms)
			SetupLoadedEditorAssemblies (884ms)
				LogAssemblyErrors (0ms)
				InitializePlatformSupportModulesInManaged (49ms)
				SetLoadedEditorAssemblies (1ms)
				RefreshPlugins (2ms)
				BeforeProcessingInitializeOnLoad (178ms)
				ProcessInitializeOnLoadAttributes (547ms)
				ProcessInitializeOnLoadMethodAttributes (96ms)
				AfterProcessingInitializeOnLoad (11ms)
				EditorAssembliesLoaded (0ms)
			ExecutionOrderSort2 (0ms)
			AwakeInstancesAfterBackupRestoration (16ms)
Platform modules already initialized, skipping
Refreshing native plugins compatible for Editor in 5.16 ms, found 3 plugins.
Preloading 0 native plugins for Editor in 0.00 ms.
Unloading 5450 Unused Serialized files (Serialized files now loaded: 0)
Unloading 56 unused Assets / (1.9 MB). Loaded Objects now: 6220.
Memory consumption went from 317.5 MB to 315.6 MB.
Total: 7.620700 ms (FindLiveObjects: 0.641500 ms CreateObjectMapping: 0.559600 ms MarkObjects: 5.496600 ms  DeleteObjects: 0.921000 ms)

AssetImportParameters requested are different than current active one (requested -> active):
  custom:video-decoder-ogg-theora: a1e56fd34408186e4bbccfd4996cb3dc -> 
  custom:container-muxer-webm: aa71ff27fc2769a1b78a27578f13a17b -> 
  custom:container-demuxer-webm: 4f35f7cbe854078d1ac9338744f61a02 -> 
  custom:video-encoder-webm-vp8: eb34c28f22e8b96e1ab97ce403110664 -> 
  custom:audio-encoder-webm-vorbis: bf7c407c2cedff20999df2af8eb42d56 -> 
  custom:framework-win-MediaFoundation: 216162199b28c13a410421893ffa2e32 -> 
  custom:container-demuxer-ogg: 62fdf1f143b41e24485cea50d1cbac27 -> 
  custom:video-decoder-webm-vp8: 9c59270c3fd7afecdb556c50c9e8de78 -> 
  custom:audio-decoder-ogg-vorbis: bf7c407c2cedff20999df2af8eb42d56 -> 
========================================================================
Received Import Request.
  Time since last request: 146.024040 seconds.
  path: Assets/EffectTexturesAndPrefabs/Prefabs/Cube.prefab
  artifactKey: Guid(3db9e95faad829f4b953f712b1811fc5) Importer(815301076,1909f56bfc062723c751e8b465ee728b)
Start importing Assets/EffectTexturesAndPrefabs/Prefabs/Cube.prefab using Guid(3db9e95faad829f4b953f712b1811fc5) Importer(815301076,1909f56bfc062723c751e8b465ee728b)  -> (artifact id: '6ce6c220f144c1d53bba097be1333ecf') in 0.289880 seconds 
========================================================================
Received Prepare
Registering precompiled user dll's ...
Registered in 0.013329 seconds.
Begin MonoManager ReloadAssembly
Symbol file LoadedFromMemory doesn't match image C:\Users\marta\Documents\GitHub\SchoolGame\SchoolGame\Library\PackageCache\com.unity.visualscripting@1.8.0\Editor\VisualScripting.Core\Dependencies\YamlDotNet\Unity.VisualScripting.YamlDotNet.dll
Symbol file LoadedFromMemory doesn't match image C:\Users\marta\Documents\GitHub\SchoolGame\SchoolGame\Library\PackageCache\com.unity.visualscripting@1.8.0\Editor\VisualScripting.Core\Dependencies\DotNetZip\Unity.VisualScripting.IonicZip.dll
Native extension for WindowsStandalone target not found
Native extension for iOS target not found
Native extension for Android target not found
Native extension for WebGL target not found
Refreshing native plugins compatible for Editor in 4.45 ms, found 3 plugins.
Preloading 0 native plugins for Editor in 0.00 ms.
Mono: successfully reloaded assembly
- Completed reload, in  3.382 seconds
Domain Reload Profiling:
	ReloadAssembly (3383ms)
		BeginReloadAssembly (296ms)
			ExecutionOrderSort (0ms)
			DisableScriptedObjects (13ms)
			BackupInstance (0ms)
			ReleaseScriptingObjects (0ms)
			CreateAndSetChildDomain (90ms)
		EndReloadAssembly (2890ms)
			LoadAssemblies (207ms)
			RebuildTransferFunctionScriptingTraits (0ms)
			SetupTypeCache (893ms)
			ReleaseScriptCaches (4ms)
			RebuildScriptCaches (192ms)
			SetupLoadedEditorAssemblies (1317ms)
				LogAssemblyErrors (0ms)
				InitializePlatformSupportModulesInManaged (93ms)
				SetLoadedEditorAssemblies (1ms)
				RefreshPlugins (5ms)
				BeforeProcessingInitializeOnLoad (258ms)
				ProcessInitializeOnLoadAttributes (782ms)
				ProcessInitializeOnLoadMethodAttributes (165ms)
				AfterProcessingInitializeOnLoad (13ms)
				EditorAssembliesLoaded (0ms)
			ExecutionOrderSort2 (0ms)
			AwakeInstancesAfterBackupRestoration (30ms)
Platform modules already initialized, skipping
Refreshing native plugins compatible for Editor in 7.75 ms, found 3 plugins.
Preloading 0 native plugins for Editor in 0.00 ms.
Unloading 5451 Unused Serialized files (Serialized files now loaded: 0)
Unloading 56 unused Assets / (1.9 MB). Loaded Objects now: 6276.
Memory consumption went from 317.6 MB to 315.7 MB.
Total: 12.493100 ms (FindLiveObjects: 0.661000 ms CreateObjectMapping: 0.598500 ms MarkObjects: 10.491100 ms  DeleteObjects: 0.740300 ms)

AssetImportParameters requested are different than current active one (requested -> active):
  custom:video-decoder-ogg-theora: a1e56fd34408186e4bbccfd4996cb3dc -> 
  custom:container-muxer-webm: aa71ff27fc2769a1b78a27578f13a17b -> 
  custom:container-demuxer-webm: 4f35f7cbe854078d1ac9338744f61a02 -> 
  custom:video-encoder-webm-vp8: eb34c28f22e8b96e1ab97ce403110664 -> 
  custom:audio-encoder-webm-vorbis: bf7c407c2cedff20999df2af8eb42d56 -> 
  custom:framework-win-MediaFoundation: 216162199b28c13a410421893ffa2e32 -> 
  custom:container-demuxer-ogg: 62fdf1f143b41e24485cea50d1cbac27 -> 
  custom:video-decoder-webm-vp8: 9c59270c3fd7afecdb556c50c9e8de78 -> 
  custom:audio-decoder-ogg-vorbis: bf7c407c2cedff20999df2af8eb42d56 -> 
========================================================================
Received Prepare
Registering precompiled user dll's ...
Registered in 0.018073 seconds.
Begin MonoManager ReloadAssembly
Symbol file LoadedFromMemory doesn't match image C:\Users\marta\Documents\GitHub\SchoolGame\SchoolGame\Library\PackageCache\com.unity.visualscripting@1.8.0\Editor\VisualScripting.Core\Dependencies\YamlDotNet\Unity.VisualScripting.YamlDotNet.dll
Symbol file LoadedFromMemory doesn't match image C:\Users\marta\Documents\GitHub\SchoolGame\SchoolGame\Library\PackageCache\com.unity.visualscripting@1.8.0\Editor\VisualScripting.Core\Dependencies\DotNetZip\Unity.VisualScripting.IonicZip.dll
Native extension for WindowsStandalone target not found
Native extension for iOS target not found
Native extension for Android target not found
Native extension for WebGL target not found
Refreshing native plugins compatible for Editor in 1.33 ms, found 3 plugins.
Preloading 0 native plugins for Editor in 0.00 ms.
Mono: successfully reloaded assembly
- Completed reload, in  2.626 seconds
Domain Reload Profiling:
	ReloadAssembly (2627ms)
		BeginReloadAssembly (303ms)
			ExecutionOrderSort (0ms)
			DisableScriptedObjects (9ms)
			BackupInstance (0ms)
			ReleaseScriptingObjects (0ms)
			CreateAndSetChildDomain (91ms)
		EndReloadAssembly (2082ms)
			LoadAssemblies (227ms)
			RebuildTransferFunctionScriptingTraits (0ms)
			SetupTypeCache (688ms)
			ReleaseScriptCaches (4ms)
			RebuildScriptCaches (104ms)
			SetupLoadedEditorAssemblies (941ms)
				LogAssemblyErrors (0ms)
				InitializePlatformSupportModulesInManaged (42ms)
				SetLoadedEditorAssemblies (1ms)
				RefreshPlugins (1ms)
				BeforeProcessingInitializeOnLoad (169ms)
				ProcessInitializeOnLoadAttributes (567ms)
				ProcessInitializeOnLoadMethodAttributes (144ms)
				AfterProcessingInitializeOnLoad (16ms)
				EditorAssembliesLoaded (0ms)
			ExecutionOrderSort2 (0ms)
			AwakeInstancesAfterBackupRestoration (26ms)
Platform modules already initialized, skipping
Refreshing native plugins compatible for Editor in 4.59 ms, found 3 plugins.
Preloading 0 native plugins for Editor in 0.00 ms.
Unloading 5451 Unused Serialized files (Serialized files now loaded: 0)
Unloading 56 unused Assets / (1.9 MB). Loaded Objects now: 6291.
Memory consumption went from 317.6 MB to 315.6 MB.
Total: 6.210600 ms (FindLiveObjects: 0.622700 ms CreateObjectMapping: 0.508200 ms MarkObjects: 4.440800 ms  DeleteObjects: 0.637200 ms)

AssetImportParameters requested are different than current active one (requested -> active):
  custom:video-decoder-ogg-theora: a1e56fd34408186e4bbccfd4996cb3dc -> 
  custom:container-muxer-webm: aa71ff27fc2769a1b78a27578f13a17b -> 
  custom:container-demuxer-webm: 4f35f7cbe854078d1ac9338744f61a02 -> 
  custom:video-encoder-webm-vp8: eb34c28f22e8b96e1ab97ce403110664 -> 
  custom:audio-encoder-webm-vorbis: bf7c407c2cedff20999df2af8eb42d56 -> 
  custom:framework-win-MediaFoundation: 216162199b28c13a410421893ffa2e32 -> 
  custom:container-demuxer-ogg: 62fdf1f143b41e24485cea50d1cbac27 -> 
  custom:video-decoder-webm-vp8: 9c59270c3fd7afecdb556c50c9e8de78 -> 
  custom:audio-decoder-ogg-vorbis: bf7c407c2cedff20999df2af8eb42d56 -> 
========================================================================
Received Import Request.
  Time since last request: 600.891578 seconds.
  path: Assets/EffectTexturesAndPrefabs/Prefabs/DustSmoke_A.prefab
  artifactKey: Guid(e5df5caad603c8349ba3481b8ded0927) Importer(815301076,1909f56bfc062723c751e8b465ee728b)
Start importing Assets/EffectTexturesAndPrefabs/Prefabs/DustSmoke_A.prefab using Guid(e5df5caad603c8349ba3481b8ded0927) Importer(815301076,1909f56bfc062723c751e8b465ee728b)  -> (artifact id: 'b6eb7f5b28fe7186bd08f5149366a34b') in 0.406863 seconds 
========================================================================
Received Import Request.
  Time since last request: 0.000051 seconds.
  path: Assets/EffectTexturesAndPrefabs/Prefabs/Star_B.prefab
  artifactKey: Guid(2547a66872ebe45408ace228820a79e1) Importer(815301076,1909f56bfc062723c751e8b465ee728b)
Start importing Assets/EffectTexturesAndPrefabs/Prefabs/Star_B.prefab using Guid(2547a66872ebe45408ace228820a79e1) Importer(815301076,1909f56bfc062723c751e8b465ee728b)  -> (artifact id: '1a52bd3d637aacb095928946d06117cf') in 0.032441 seconds 
========================================================================
Received Import Request.
  Time since last request: 0.000073 seconds.
  path: Assets/EffectTexturesAndPrefabs/Prefabs/smoke_thick.prefab
  artifactKey: Guid(d26aaf76e6e2409448242b9a2d66f31f) Importer(815301076,1909f56bfc062723c751e8b465ee728b)
Start importing Assets/EffectTexturesAndPrefabs/Prefabs/smoke_thick.prefab using Guid(d26aaf76e6e2409448242b9a2d66f31f) Importer(815301076,1909f56bfc062723c751e8b465ee728b)  -> (artifact id: '24aba61af6c080980e90682652a1b8f5') in 1.972724 seconds 
Editor requested this worker to shutdown with reason: Scaling down because of idle timeout
AssetImportWorker is now disconnected from the server
Process exiting
Exiting without the bug reporter. Application will terminate with return code 0