Using pre-set license
Built from '2021.3/staging' branch; Version is '2021.3.21f1 (1b156197d683) revision 1774945'; Using compiler version '192829333'; Build Type 'Release'
OS: 'Windows 11  (10.0.22621) 64bit Core' Language: 'pt' Physical Memory: 16221 MB
BatchMode: 1, IsHumanControllingUs: 0, StartBugReporterOnCrash: 0, Is64bit: 1, IsPro: 1

COMMAND LINE ARGUMENTS:
C:\Program Files\Unity\Hub\Editor\2021.3.21f1\Editor\Unity.exe
-adb2
-batchMode
-noUpm
-name
AssetImportWorker0
-projectPath
C:/Users/marta/Documents/GitHub/SchoolGame/SchoolGame
-logFile
Logs/AssetImportWorker0.log
-srvPort
60519
Successfully changed project path to: C:/Users/marta/Documents/GitHub/SchoolGame/SchoolGame
C:/Users/marta/Documents/GitHub/SchoolGame/SchoolGame
[UnityMemory] Configuration Parameters - Can be set up in boot.config
    "memorysetup-bucket-allocator-granularity=16"
    "memorysetup-bucket-allocator-bucket-count=8"
    "memorysetup-bucket-allocator-block-size=33554432"
    "memorysetup-bucket-allocator-block-count=8"
    "memorysetup-main-allocator-block-size=16777216"
    "memorysetup-thread-allocator-block-size=16777216"
    "memorysetup-gfx-main-allocator-block-size=16777216"
    "memorysetup-gfx-thread-allocator-block-size=16777216"
    "memorysetup-cache-allocator-block-size=4194304"
    "memorysetup-typetree-allocator-block-size=2097152"
    "memorysetup-profiler-bucket-allocator-granularity=16"
    "memorysetup-profiler-bucket-allocator-bucket-count=8"
    "memorysetup-profiler-bucket-allocator-block-size=33554432"
    "memorysetup-profiler-bucket-allocator-block-count=8"
    "memorysetup-profiler-allocator-block-size=16777216"
    "memorysetup-profiler-editor-allocator-block-size=1048576"
    "memorysetup-temp-allocator-size-main=16777216"
    "memorysetup-job-temp-allocator-block-size=2097152"
    "memorysetup-job-temp-allocator-block-size-background=1048576"
    "memorysetup-job-temp-allocator-reduction-small-platforms=262144"
    "memorysetup-temp-allocator-size-background-worker=32768"
    "memorysetup-temp-allocator-size-job-worker=262144"
    "memorysetup-temp-allocator-size-preload-manager=33554432"
    "memorysetup-temp-allocator-size-nav-mesh-worker=65536"
    "memorysetup-temp-allocator-size-audio-worker=65536"
    "memorysetup-temp-allocator-size-cloud-worker=32768"
    "memorysetup-temp-allocator-size-gi-baking-worker=262144"
    "memorysetup-temp-allocator-size-gfx=262144"
Player connection [20356] Host "[IP] 192.168.1.112 [Port] 0 [Flags] 2 [Guid] 3200045596 [EditorId] 3200045596 [Version] 1048832 [Id] WindowsEditor(7,LAPTOP-H5F1OK20) [Debug] 1 [PackageName] WindowsEditor [ProjectName] Editor" joined multi-casting on [225.0.0.222:54997]...

Player connection [20356] Host "[IP] 192.168.1.112 [Port] 0 [Flags] 2 [Guid] 3200045596 [EditorId] 3200045596 [Version] 1048832 [Id] WindowsEditor(7,LAPTOP-H5F1OK20) [Debug] 1 [PackageName] WindowsEditor [ProjectName] Editor" joined alternative multi-casting on [225.0.0.222:34997]...

Refreshing native plugins compatible for Editor in 219.07 ms, found 3 plugins.
Preloading 0 native plugins for Editor in 0.00 ms.
Initialize engine version: 2021.3.21f1 (1b156197d683)
[Subsystems] Discovering subsystems at path C:/Program Files/Unity/Hub/Editor/2021.3.21f1/Editor/Data/Resources/UnitySubsystems
[Subsystems] Discovering subsystems at path C:/Users/marta/Documents/GitHub/SchoolGame/SchoolGame/Assets
GfxDevice: creating device client; threaded=0; jobified=0
Direct3D:
    Version:  Direct3D 11.0 [level 11.1]
    Renderer: NVIDIA GeForce GTX 1650 (ID=0x1f99)
    Vendor:   NVIDIA
    VRAM:     3962 MB
    Driver:   31.0.15.1640
Initialize mono
Mono path[0] = 'C:/Program Files/Unity/Hub/Editor/2021.3.21f1/Editor/Data/Managed'
Mono path[1] = 'C:/Program Files/Unity/Hub/Editor/2021.3.21f1/Editor/Data/MonoBleedingEdge/lib/mono/unityjit-win32'
Mono config path = 'C:/Program Files/Unity/Hub/Editor/2021.3.21f1/Editor/Data/MonoBleedingEdge/etc'
Using monoOptions --debugger-agent=transport=dt_socket,embedding=1,server=y,suspend=n,address=127.0.0.1:56376
Begin MonoManager ReloadAssembly
Registering precompiled unity dll's ...
Register platform support module: C:/Program Files/Unity/Hub/Editor/2021.3.21f1/Editor/Data/PlaybackEngines/WebGLSupport/UnityEditor.WebGL.Extensions.dll
Register platform support module: C:/Program Files/Unity/Hub/Editor/2021.3.21f1/Editor/Data/PlaybackEngines/AndroidPlayer/UnityEditor.Android.Extensions.dll
Register platform support module: C:/Program Files/Unity/Hub/Editor/2021.3.21f1/Editor/Data/PlaybackEngines/iOSSupport/UnityEditor.iOS.Extensions.dll
Register platform support module: C:/Program Files/Unity/Hub/Editor/2021.3.21f1/Editor/Data/PlaybackEngines/WindowsStandaloneSupport/UnityEditor.WindowsStandalone.Extensions.dll
Registered in 0.010418 seconds.
Native extension for WindowsStandalone target not found
[usbmuxd] Start listen thread
[usbmuxd] Listen thread started
Native extension for iOS target not found
Native extension for Android target not found
Android Extension - Scanning For ADB Devices 567 ms
Native extension for WebGL target not found
Refreshing native plugins compatible for Editor in 234.77 ms, found 3 plugins.
Preloading 0 native plugins for Editor in 0.00 ms.
Mono: successfully reloaded assembly
- Completed reload, in  1.752 seconds
Domain Reload Profiling:
	ReloadAssembly (1753ms)
		BeginReloadAssembly (142ms)
			ExecutionOrderSort (0ms)
			DisableScriptedObjects (0ms)
			BackupInstance (0ms)
			ReleaseScriptingObjects (0ms)
			CreateAndSetChildDomain (1ms)
		EndReloadAssembly (1462ms)
			LoadAssemblies (140ms)
			RebuildTransferFunctionScriptingTraits (0ms)
			SetupTypeCache (187ms)
			ReleaseScriptCaches (0ms)
			RebuildScriptCaches (46ms)
			SetupLoadedEditorAssemblies (1160ms)
				LogAssemblyErrors (0ms)
				InitializePlatformSupportModulesInManaged (706ms)
				SetLoadedEditorAssemblies (0ms)
				RefreshPlugins (235ms)
				BeforeProcessingInitializeOnLoad (2ms)
				ProcessInitializeOnLoadAttributes (147ms)
				ProcessInitializeOnLoadMethodAttributes (69ms)
				AfterProcessingInitializeOnLoad (0ms)
				EditorAssembliesLoaded (0ms)
			ExecutionOrderSort2 (0ms)
			AwakeInstancesAfterBackupRestoration (0ms)
Platform modules already initialized, skipping
Registering precompiled user dll's ...
Registered in 0.022041 seconds.
Begin MonoManager ReloadAssembly
Symbol file LoadedFromMemory doesn't match image C:\Users\marta\Documents\GitHub\SchoolGame\SchoolGame\Library\PackageCache\com.unity.visualscripting@1.8.0\Editor\VisualScripting.Core\Dependencies\YamlDotNet\Unity.VisualScripting.YamlDotNet.dll
Symbol file LoadedFromMemory doesn't match image C:\Users\marta\Documents\GitHub\SchoolGame\SchoolGame\Library\PackageCache\com.unity.visualscripting@1.8.0\Editor\VisualScripting.Core\Dependencies\DotNetZip\Unity.VisualScripting.IonicZip.dll
Native extension for WindowsStandalone target not found
Native extension for iOS target not found
Native extension for Android target not found
Native extension for WebGL target not found
Refreshing native plugins compatible for Editor in 210.62 ms, found 3 plugins.
Preloading 0 native plugins for Editor in 0.00 ms.
Mono: successfully reloaded assembly
- Completed reload, in  2.701 seconds
Domain Reload Profiling:
	ReloadAssembly (2702ms)
		BeginReloadAssembly (186ms)
			ExecutionOrderSort (0ms)
			DisableScriptedObjects (9ms)
			BackupInstance (0ms)
			ReleaseScriptingObjects (0ms)
			CreateAndSetChildDomain (25ms)
		EndReloadAssembly (2336ms)
			LoadAssemblies (179ms)
			RebuildTransferFunctionScriptingTraits (0ms)
			SetupTypeCache (561ms)
			ReleaseScriptCaches (1ms)
			RebuildScriptCaches (102ms)
			SetupLoadedEditorAssemblies (1418ms)
				LogAssemblyErrors (0ms)
				InitializePlatformSupportModulesInManaged (39ms)
				SetLoadedEditorAssemblies (0ms)
				RefreshPlugins (211ms)
				BeforeProcessingInitializeOnLoad (226ms)
				ProcessInitializeOnLoadAttributes (783ms)
				ProcessInitializeOnLoadMethodAttributes (147ms)
				AfterProcessingInitializeOnLoad (12ms)
				EditorAssembliesLoaded (0ms)
			ExecutionOrderSort2 (0ms)
			AwakeInstancesAfterBackupRestoration (15ms)
Platform modules already initialized, skipping
========================================================================
Worker process is ready to serve import requests
Launched and connected shader compiler UnityShaderCompiler.exe after 0.16 seconds
Refreshing native plugins compatible for Editor in 1.60 ms, found 3 plugins.
Preloading 0 native plugins for Editor in 0.00 ms.
Unloading 5605 Unused Serialized files (Serialized files now loaded: 0)
Unloading 78 unused Assets / (2.0 MB). Loaded Objects now: 6053.
Memory consumption went from 247.1 MB to 245.1 MB.
Total: 6.237300 ms (FindLiveObjects: 0.627200 ms CreateObjectMapping: 0.572100 ms MarkObjects: 4.446800 ms  DeleteObjects: 0.589600 ms)

AssetImportParameters requested are different than current active one (requested -> active):
  custom:video-decoder-ogg-theora: a1e56fd34408186e4bbccfd4996cb3dc -> 
  custom:container-muxer-webm: aa71ff27fc2769a1b78a27578f13a17b -> 
  custom:container-demuxer-webm: 4f35f7cbe854078d1ac9338744f61a02 -> 
  custom:video-encoder-webm-vp8: eb34c28f22e8b96e1ab97ce403110664 -> 
  custom:audio-encoder-webm-vorbis: bf7c407c2cedff20999df2af8eb42d56 -> 
  custom:framework-win-MediaFoundation: 216162199b28c13a410421893ffa2e32 -> 
  custom:container-demuxer-ogg: 62fdf1f143b41e24485cea50d1cbac27 -> 
  custom:video-decoder-webm-vp8: 9c59270c3fd7afecdb556c50c9e8de78 -> 
  custom:audio-decoder-ogg-vorbis: bf7c407c2cedff20999df2af8eb42d56 -> 
========================================================================
Received Import Request.
  Time since last request: 5449.428922 seconds.
  path: Assets/bullet.prefab
  artifactKey: Guid(a9c16a94b2abf6a4996172abf2fcbe20) Importer(815301076,1909f56bfc062723c751e8b465ee728b)
Start importing Assets/bullet.prefab using Guid(a9c16a94b2abf6a4996172abf2fcbe20) Importer(815301076,1909f56bfc062723c751e8b465ee728b)  -> (artifact id: '25a5a097845e832ab07872464791131c') in 0.361230 seconds 
========================================================================
Received Prepare
Registering precompiled user dll's ...
Registered in 0.020060 seconds.
Begin MonoManager ReloadAssembly
Symbol file LoadedFromMemory doesn't match image C:\Users\marta\Documents\GitHub\SchoolGame\SchoolGame\Library\PackageCache\com.unity.visualscripting@1.8.0\Editor\VisualScripting.Core\Dependencies\YamlDotNet\Unity.VisualScripting.YamlDotNet.dll
Symbol file LoadedFromMemory doesn't match image C:\Users\marta\Documents\GitHub\SchoolGame\SchoolGame\Library\PackageCache\com.unity.visualscripting@1.8.0\Editor\VisualScripting.Core\Dependencies\DotNetZip\Unity.VisualScripting.IonicZip.dll
Native extension for WindowsStandalone target not found
Native extension for iOS target not found
Native extension for Android target not found
Native extension for WebGL target not found
Refreshing native plugins compatible for Editor in 1.58 ms, found 3 plugins.
Preloading 0 native plugins for Editor in 0.00 ms.
Mono: successfully reloaded assembly
- Completed reload, in  2.362 seconds
Domain Reload Profiling:
	ReloadAssembly (2363ms)
		BeginReloadAssembly (232ms)
			ExecutionOrderSort (0ms)
			DisableScriptedObjects (11ms)
			BackupInstance (0ms)
			ReleaseScriptingObjects (0ms)
			CreateAndSetChildDomain (75ms)
		EndReloadAssembly (1963ms)
			LoadAssemblies (166ms)
			RebuildTransferFunctionScriptingTraits (0ms)
			SetupTypeCache (643ms)
			ReleaseScriptCaches (3ms)
			RebuildScriptCaches (97ms)
			SetupLoadedEditorAssemblies (884ms)
				LogAssemblyErrors (0ms)
				InitializePlatformSupportModulesInManaged (46ms)
				SetLoadedEditorAssemblies (1ms)
				RefreshPlugins (2ms)
				BeforeProcessingInitializeOnLoad (159ms)
				ProcessInitializeOnLoadAttributes (550ms)
				ProcessInitializeOnLoadMethodAttributes (115ms)
				AfterProcessingInitializeOnLoad (12ms)
				EditorAssembliesLoaded (0ms)
			ExecutionOrderSort2 (0ms)
			AwakeInstancesAfterBackupRestoration (22ms)
Platform modules already initialized, skipping
Refreshing native plugins compatible for Editor in 4.97 ms, found 3 plugins.
Preloading 0 native plugins for Editor in 0.00 ms.
Unloading 5450 Unused Serialized files (Serialized files now loaded: 0)
Unloading 56 unused Assets / (1.9 MB). Loaded Objects now: 6123.
Memory consumption went from 243.9 MB to 242.0 MB.
Total: 5.402500 ms (FindLiveObjects: 0.576100 ms CreateObjectMapping: 0.521400 ms MarkObjects: 3.775300 ms  DeleteObjects: 0.528300 ms)

AssetImportParameters requested are different than current active one (requested -> active):
  custom:video-decoder-ogg-theora: a1e56fd34408186e4bbccfd4996cb3dc -> 
  custom:container-muxer-webm: aa71ff27fc2769a1b78a27578f13a17b -> 
  custom:container-demuxer-webm: 4f35f7cbe854078d1ac9338744f61a02 -> 
  custom:video-encoder-webm-vp8: eb34c28f22e8b96e1ab97ce403110664 -> 
  custom:audio-encoder-webm-vorbis: bf7c407c2cedff20999df2af8eb42d56 -> 
  custom:framework-win-MediaFoundation: 216162199b28c13a410421893ffa2e32 -> 
  custom:container-demuxer-ogg: 62fdf1f143b41e24485cea50d1cbac27 -> 
  custom:video-decoder-webm-vp8: 9c59270c3fd7afecdb556c50c9e8de78 -> 
  custom:audio-decoder-ogg-vorbis: bf7c407c2cedff20999df2af8eb42d56 -> 
========================================================================
Received Prepare
Registering precompiled user dll's ...
Registered in 0.018188 seconds.
Begin MonoManager ReloadAssembly
Symbol file LoadedFromMemory doesn't match image C:\Users\marta\Documents\GitHub\SchoolGame\SchoolGame\Library\PackageCache\com.unity.visualscripting@1.8.0\Editor\VisualScripting.Core\Dependencies\YamlDotNet\Unity.VisualScripting.YamlDotNet.dll
Symbol file LoadedFromMemory doesn't match image C:\Users\marta\Documents\GitHub\SchoolGame\SchoolGame\Library\PackageCache\com.unity.visualscripting@1.8.0\Editor\VisualScripting.Core\Dependencies\DotNetZip\Unity.VisualScripting.IonicZip.dll
Native extension for WindowsStandalone target not found
Native extension for iOS target not found
Native extension for Android target not found
Native extension for WebGL target not found
Refreshing native plugins compatible for Editor in 1.29 ms, found 3 plugins.
Preloading 0 native plugins for Editor in 0.00 ms.
Mono: successfully reloaded assembly
- Completed reload, in  2.373 seconds
Domain Reload Profiling:
	ReloadAssembly (2374ms)
		BeginReloadAssembly (262ms)
			ExecutionOrderSort (0ms)
			DisableScriptedObjects (9ms)
			BackupInstance (0ms)
			ReleaseScriptingObjects (0ms)
			CreateAndSetChildDomain (80ms)
		EndReloadAssembly (1905ms)
			LoadAssemblies (194ms)
			RebuildTransferFunctionScriptingTraits (0ms)
			SetupTypeCache (618ms)
			ReleaseScriptCaches (3ms)
			RebuildScriptCaches (89ms)
			SetupLoadedEditorAssemblies (871ms)
				LogAssemblyErrors (0ms)
				InitializePlatformSupportModulesInManaged (41ms)
				SetLoadedEditorAssemblies (1ms)
				RefreshPlugins (2ms)
				BeforeProcessingInitializeOnLoad (173ms)
				ProcessInitializeOnLoadAttributes (517ms)
				ProcessInitializeOnLoadMethodAttributes (126ms)
				AfterProcessingInitializeOnLoad (12ms)
				EditorAssembliesLoaded (0ms)
			ExecutionOrderSort2 (0ms)
			AwakeInstancesAfterBackupRestoration (17ms)
Platform modules already initialized, skipping
Refreshing native plugins compatible for Editor in 4.70 ms, found 3 plugins.
Preloading 0 native plugins for Editor in 0.00 ms.
Unloading 5450 Unused Serialized files (Serialized files now loaded: 0)
Unloading 56 unused Assets / (1.9 MB). Loaded Objects now: 6138.
Memory consumption went from 243.8 MB to 241.9 MB.
Total: 9.280500 ms (FindLiveObjects: 0.615000 ms CreateObjectMapping: 0.525900 ms MarkObjects: 7.446000 ms  DeleteObjects: 0.691700 ms)

AssetImportParameters requested are different than current active one (requested -> active):
  custom:video-decoder-ogg-theora: a1e56fd34408186e4bbccfd4996cb3dc -> 
  custom:container-muxer-webm: aa71ff27fc2769a1b78a27578f13a17b -> 
  custom:container-demuxer-webm: 4f35f7cbe854078d1ac9338744f61a02 -> 
  custom:video-encoder-webm-vp8: eb34c28f22e8b96e1ab97ce403110664 -> 
  custom:audio-encoder-webm-vorbis: bf7c407c2cedff20999df2af8eb42d56 -> 
  custom:framework-win-MediaFoundation: 216162199b28c13a410421893ffa2e32 -> 
  custom:container-demuxer-ogg: 62fdf1f143b41e24485cea50d1cbac27 -> 
  custom:video-decoder-webm-vp8: 9c59270c3fd7afecdb556c50c9e8de78 -> 
  custom:audio-decoder-ogg-vorbis: bf7c407c2cedff20999df2af8eb42d56 -> 
========================================================================
Received Prepare
Registering precompiled user dll's ...
Registered in 0.024625 seconds.
Begin MonoManager ReloadAssembly
Symbol file LoadedFromMemory doesn't match image C:\Users\marta\Documents\GitHub\SchoolGame\SchoolGame\Library\PackageCache\com.unity.visualscripting@1.8.0\Editor\VisualScripting.Core\Dependencies\YamlDotNet\Unity.VisualScripting.YamlDotNet.dll
Symbol file LoadedFromMemory doesn't match image C:\Users\marta\Documents\GitHub\SchoolGame\SchoolGame\Library\PackageCache\com.unity.visualscripting@1.8.0\Editor\VisualScripting.Core\Dependencies\DotNetZip\Unity.VisualScripting.IonicZip.dll
Native extension for WindowsStandalone target not found
Native extension for iOS target not found
Native extension for Android target not found
Native extension for WebGL target not found
Refreshing native plugins compatible for Editor in 1.37 ms, found 3 plugins.
Preloading 0 native plugins for Editor in 0.00 ms.
Mono: successfully reloaded assembly
- Completed reload, in  2.548 seconds
Domain Reload Profiling:
	ReloadAssembly (2549ms)
		BeginReloadAssembly (260ms)
			ExecutionOrderSort (0ms)
			DisableScriptedObjects (9ms)
			BackupInstance (0ms)
			ReleaseScriptingObjects (0ms)
			CreateAndSetChildDomain (87ms)
		EndReloadAssembly (2096ms)
			LoadAssemblies (184ms)
			RebuildTransferFunctionScriptingTraits (0ms)
			SetupTypeCache (690ms)
			ReleaseScriptCaches (3ms)
			RebuildScriptCaches (85ms)
			SetupLoadedEditorAssemblies (963ms)
				LogAssemblyErrors (0ms)
				InitializePlatformSupportModulesInManaged (54ms)
				SetLoadedEditorAssemblies (1ms)
				RefreshPlugins (2ms)
				BeforeProcessingInitializeOnLoad (185ms)
				ProcessInitializeOnLoadAttributes (568ms)
				ProcessInitializeOnLoadMethodAttributes (143ms)
				AfterProcessingInitializeOnLoad (10ms)
				EditorAssembliesLoaded (0ms)
			ExecutionOrderSort2 (0ms)
			AwakeInstancesAfterBackupRestoration (18ms)
Platform modules already initialized, skipping
Refreshing native plugins compatible for Editor in 4.65 ms, found 3 plugins.
Preloading 0 native plugins for Editor in 0.00 ms.
Unloading 5450 Unused Serialized files (Serialized files now loaded: 0)
Unloading 56 unused Assets / (1.9 MB). Loaded Objects now: 6153.
Memory consumption went from 243.9 MB to 241.9 MB.
Total: 5.553000 ms (FindLiveObjects: 0.602900 ms CreateObjectMapping: 0.459200 ms MarkObjects: 3.787700 ms  DeleteObjects: 0.701900 ms)

AssetImportParameters requested are different than current active one (requested -> active):
  custom:video-decoder-ogg-theora: a1e56fd34408186e4bbccfd4996cb3dc -> 
  custom:container-muxer-webm: aa71ff27fc2769a1b78a27578f13a17b -> 
  custom:container-demuxer-webm: 4f35f7cbe854078d1ac9338744f61a02 -> 
  custom:video-encoder-webm-vp8: eb34c28f22e8b96e1ab97ce403110664 -> 
  custom:audio-encoder-webm-vorbis: bf7c407c2cedff20999df2af8eb42d56 -> 
  custom:framework-win-MediaFoundation: 216162199b28c13a410421893ffa2e32 -> 
  custom:container-demuxer-ogg: 62fdf1f143b41e24485cea50d1cbac27 -> 
  custom:video-decoder-webm-vp8: 9c59270c3fd7afecdb556c50c9e8de78 -> 
  custom:audio-decoder-ogg-vorbis: bf7c407c2cedff20999df2af8eb42d56 -> 
========================================================================
Received Import Request.
  Time since last request: 550.643702 seconds.
  path: Assets/Scripts/ThirdPersonShooterController.cs
  artifactKey: Guid(eb38b93a633847a4792385024c6281f5) Importer(815301076,1909f56bfc062723c751e8b465ee728b)
Start importing Assets/Scripts/ThirdPersonShooterController.cs using Guid(eb38b93a633847a4792385024c6281f5) Importer(815301076,1909f56bfc062723c751e8b465ee728b)  -> (artifact id: '375e4c81cc8fe3d029c088aec4187b89') in 0.037910 seconds 
========================================================================
Received Import Request.
  Time since last request: 152.132837 seconds.
  path: Assets/Scripts/ThirdPersonShooterController.cs
  artifactKey: Guid(eb38b93a633847a4792385024c6281f5) Importer(815301076,1909f56bfc062723c751e8b465ee728b)
Start importing Assets/Scripts/ThirdPersonShooterController.cs using Guid(eb38b93a633847a4792385024c6281f5) Importer(815301076,1909f56bfc062723c751e8b465ee728b)  -> (artifact id: '4376de8b0aa7668ca013d58a5a9d2990') in 0.002280 seconds 
========================================================================
Received Prepare
Registering precompiled user dll's ...
Registered in 0.024834 seconds.
Begin MonoManager ReloadAssembly
Symbol file LoadedFromMemory doesn't match image C:\Users\marta\Documents\GitHub\SchoolGame\SchoolGame\Library\PackageCache\com.unity.visualscripting@1.8.0\Editor\VisualScripting.Core\Dependencies\YamlDotNet\Unity.VisualScripting.YamlDotNet.dll
Symbol file LoadedFromMemory doesn't match image C:\Users\marta\Documents\GitHub\SchoolGame\SchoolGame\Library\PackageCache\com.unity.visualscripting@1.8.0\Editor\VisualScripting.Core\Dependencies\DotNetZip\Unity.VisualScripting.IonicZip.dll
Native extension for WindowsStandalone target not found
Native extension for iOS target not found
Native extension for Android target not found
Native extension for WebGL target not found
Refreshing native plugins compatible for Editor in 1.40 ms, found 3 plugins.
Preloading 0 native plugins for Editor in 0.00 ms.
Mono: successfully reloaded assembly
- Completed reload, in  2.849 seconds
Domain Reload Profiling:
	ReloadAssembly (2850ms)
		BeginReloadAssembly (289ms)
			ExecutionOrderSort (0ms)
			DisableScriptedObjects (11ms)
			BackupInstance (0ms)
			ReleaseScriptingObjects (0ms)
			CreateAndSetChildDomain (84ms)
		EndReloadAssembly (2289ms)
			LoadAssemblies (236ms)
			RebuildTransferFunctionScriptingTraits (0ms)
			SetupTypeCache (679ms)
			ReleaseScriptCaches (3ms)
			RebuildScriptCaches (108ms)
			SetupLoadedEditorAssemblies (1083ms)
				LogAssemblyErrors (0ms)
				InitializePlatformSupportModulesInManaged (50ms)
				SetLoadedEditorAssemblies (1ms)
				RefreshPlugins (2ms)
				BeforeProcessingInitializeOnLoad (191ms)
				ProcessInitializeOnLoadAttributes (712ms)
				ProcessInitializeOnLoadMethodAttributes (117ms)
				AfterProcessingInitializeOnLoad (10ms)
				EditorAssembliesLoaded (0ms)
			ExecutionOrderSort2 (0ms)
			AwakeInstancesAfterBackupRestoration (17ms)
Platform modules already initialized, skipping
Refreshing native plugins compatible for Editor in 4.08 ms, found 3 plugins.
Preloading 0 native plugins for Editor in 0.00 ms.
Unloading 5450 Unused Serialized files (Serialized files now loaded: 0)
Unloading 56 unused Assets / (1.9 MB). Loaded Objects now: 6168.
Memory consumption went from 243.9 MB to 242.0 MB.
Total: 5.264700 ms (FindLiveObjects: 0.510100 ms CreateObjectMapping: 0.457200 ms MarkObjects: 3.774800 ms  DeleteObjects: 0.521100 ms)

AssetImportParameters requested are different than current active one (requested -> active):
  custom:video-decoder-ogg-theora: a1e56fd34408186e4bbccfd4996cb3dc -> 
  custom:container-muxer-webm: aa71ff27fc2769a1b78a27578f13a17b -> 
  custom:container-demuxer-webm: 4f35f7cbe854078d1ac9338744f61a02 -> 
  custom:video-encoder-webm-vp8: eb34c28f22e8b96e1ab97ce403110664 -> 
  custom:audio-encoder-webm-vorbis: bf7c407c2cedff20999df2af8eb42d56 -> 
  custom:framework-win-MediaFoundation: 216162199b28c13a410421893ffa2e32 -> 
  custom:container-demuxer-ogg: 62fdf1f143b41e24485cea50d1cbac27 -> 
  custom:video-decoder-webm-vp8: 9c59270c3fd7afecdb556c50c9e8de78 -> 
  custom:audio-decoder-ogg-vorbis: bf7c407c2cedff20999df2af8eb42d56 -> 
========================================================================
Received Import Request.
  Time since last request: 50.659196 seconds.
  path: Assets/bullet 1.prefab
  artifactKey: Guid(8b323f1c0f603a241b8fa131433708a8) Importer(815301076,1909f56bfc062723c751e8b465ee728b)
Start importing Assets/bullet 1.prefab using Guid(8b323f1c0f603a241b8fa131433708a8) Importer(815301076,1909f56bfc062723c751e8b465ee728b)  -> (artifact id: 'ac086888a891cbeb4169ff2a5a999989') in 0.330355 seconds 
========================================================================
Received Import Request.
  Time since last request: 9.967828 seconds.
  path: Assets/bullet.prefab
  artifactKey: Guid(8b323f1c0f603a241b8fa131433708a8) Importer(815301076,1909f56bfc062723c751e8b465ee728b)
Start importing Assets/bullet.prefab using Guid(8b323f1c0f603a241b8fa131433708a8) Importer(815301076,1909f56bfc062723c751e8b465ee728b)  -> (artifact id: '868652b83db4bef59aac232e293aa906') in 0.010392 seconds 
========================================================================
Received Prepare
Registering precompiled user dll's ...
Registered in 0.018297 seconds.
Begin MonoManager ReloadAssembly
Symbol file LoadedFromMemory doesn't match image C:\Users\marta\Documents\GitHub\SchoolGame\SchoolGame\Library\PackageCache\com.unity.visualscripting@1.8.0\Editor\VisualScripting.Core\Dependencies\YamlDotNet\Unity.VisualScripting.YamlDotNet.dll
Symbol file LoadedFromMemory doesn't match image C:\Users\marta\Documents\GitHub\SchoolGame\SchoolGame\Library\PackageCache\com.unity.visualscripting@1.8.0\Editor\VisualScripting.Core\Dependencies\DotNetZip\Unity.VisualScripting.IonicZip.dll
Native extension for WindowsStandalone target not found
Native extension for iOS target not found
Native extension for Android target not found
Native extension for WebGL target not found
Refreshing native plugins compatible for Editor in 1.47 ms, found 3 plugins.
Preloading 0 native plugins for Editor in 0.00 ms.
Mono: successfully reloaded assembly
- Completed reload, in  2.563 seconds
Domain Reload Profiling:
	ReloadAssembly (2564ms)
		BeginReloadAssembly (302ms)
			ExecutionOrderSort (0ms)
			DisableScriptedObjects (17ms)
			BackupInstance (0ms)
			ReleaseScriptingObjects (0ms)
			CreateAndSetChildDomain (91ms)
		EndReloadAssembly (2077ms)
			LoadAssemblies (205ms)
			RebuildTransferFunctionScriptingTraits (0ms)
			SetupTypeCache (704ms)
			ReleaseScriptCaches (4ms)
			RebuildScriptCaches (107ms)
			SetupLoadedEditorAssemblies (897ms)
				LogAssemblyErrors (0ms)
				InitializePlatformSupportModulesInManaged (55ms)
				SetLoadedEditorAssemblies (1ms)
				RefreshPlugins (2ms)
				BeforeProcessingInitializeOnLoad (178ms)
				ProcessInitializeOnLoadAttributes (537ms)
				ProcessInitializeOnLoadMethodAttributes (114ms)
				AfterProcessingInitializeOnLoad (10ms)
				EditorAssembliesLoaded (0ms)
			ExecutionOrderSort2 (0ms)
			AwakeInstancesAfterBackupRestoration (16ms)
Platform modules already initialized, skipping
Refreshing native plugins compatible for Editor in 3.79 ms, found 3 plugins.
Preloading 0 native plugins for Editor in 0.00 ms.
Unloading 5450 Unused Serialized files (Serialized files now loaded: 0)
Unloading 56 unused Assets / (1.9 MB). Loaded Objects now: 6223.
Memory consumption went from 244.0 MB to 242.1 MB.
Total: 6.306800 ms (FindLiveObjects: 0.674300 ms CreateObjectMapping: 0.517200 ms MarkObjects: 4.516300 ms  DeleteObjects: 0.597500 ms)

AssetImportParameters requested are different than current active one (requested -> active):
  custom:video-decoder-ogg-theora: a1e56fd34408186e4bbccfd4996cb3dc -> 
  custom:container-muxer-webm: aa71ff27fc2769a1b78a27578f13a17b -> 
  custom:container-demuxer-webm: 4f35f7cbe854078d1ac9338744f61a02 -> 
  custom:video-encoder-webm-vp8: eb34c28f22e8b96e1ab97ce403110664 -> 
  custom:audio-encoder-webm-vorbis: bf7c407c2cedff20999df2af8eb42d56 -> 
  custom:framework-win-MediaFoundation: 216162199b28c13a410421893ffa2e32 -> 
  custom:container-demuxer-ogg: 62fdf1f143b41e24485cea50d1cbac27 -> 
  custom:video-decoder-webm-vp8: 9c59270c3fd7afecdb556c50c9e8de78 -> 
  custom:audio-decoder-ogg-vorbis: bf7c407c2cedff20999df2af8eb42d56 -> 
========================================================================
Received Import Request.
  Time since last request: 357.219217 seconds.
  path: Assets/bullet.prefab
  artifactKey: Guid(8b323f1c0f603a241b8fa131433708a8) Importer(815301076,1909f56bfc062723c751e8b465ee728b)
Start importing Assets/bullet.prefab using Guid(8b323f1c0f603a241b8fa131433708a8) Importer(815301076,1909f56bfc062723c751e8b465ee728b)  -> (artifact id: '57fd7ca6a06866e04f467ea33bf9bee8') in 0.269545 seconds 
========================================================================
Received Import Request.
  Time since last request: 131.001013 seconds.
  path: Assets/bullet.prefab
  artifactKey: Guid(8b323f1c0f603a241b8fa131433708a8) Importer(815301076,1909f56bfc062723c751e8b465ee728b)
Start importing Assets/bullet.prefab using Guid(8b323f1c0f603a241b8fa131433708a8) Importer(815301076,1909f56bfc062723c751e8b465ee728b)  -> (artifact id: 'c031901493fa2b86d9c928290bf453ed') in 0.023179 seconds 
========================================================================
Received Import Request.
  Time since last request: 51.087645 seconds.
  path: Assets/bullet.prefab
  artifactKey: Guid(8b323f1c0f603a241b8fa131433708a8) Importer(815301076,1909f56bfc062723c751e8b465ee728b)
Start importing Assets/bullet.prefab using Guid(8b323f1c0f603a241b8fa131433708a8) Importer(815301076,1909f56bfc062723c751e8b465ee728b)  -> (artifact id: 'ac7633aff2fca64363f985a6c2bd7784') in 0.016880 seconds 
========================================================================
Received Import Request.
  Time since last request: 64.828160 seconds.
  path: Assets/bullet.prefab
  artifactKey: Guid(8b323f1c0f603a241b8fa131433708a8) Importer(815301076,1909f56bfc062723c751e8b465ee728b)
Start importing Assets/bullet.prefab using Guid(8b323f1c0f603a241b8fa131433708a8) Importer(815301076,1909f56bfc062723c751e8b465ee728b)  -> (artifact id: 'ffe8960ccd3d901b31206e9ae74b8eb6') in 0.017471 seconds 
========================================================================
Received Prepare
Registering precompiled user dll's ...
Registered in 0.020737 seconds.
Begin MonoManager ReloadAssembly
Symbol file LoadedFromMemory doesn't match image C:\Users\marta\Documents\GitHub\SchoolGame\SchoolGame\Library\PackageCache\com.unity.visualscripting@1.8.0\Editor\VisualScripting.Core\Dependencies\YamlDotNet\Unity.VisualScripting.YamlDotNet.dll
Symbol file LoadedFromMemory doesn't match image C:\Users\marta\Documents\GitHub\SchoolGame\SchoolGame\Library\PackageCache\com.unity.visualscripting@1.8.0\Editor\VisualScripting.Core\Dependencies\DotNetZip\Unity.VisualScripting.IonicZip.dll
Native extension for WindowsStandalone target not found
Native extension for iOS target not found
Native extension for Android target not found
Native extension for WebGL target not found
Refreshing native plugins compatible for Editor in 1.54 ms, found 3 plugins.
Preloading 0 native plugins for Editor in 0.00 ms.
Mono: successfully reloaded assembly
- Completed reload, in  2.363 seconds
Domain Reload Profiling:
	ReloadAssembly (2364ms)
		BeginReloadAssembly (310ms)
			ExecutionOrderSort (0ms)
			DisableScriptedObjects (15ms)
			BackupInstance (0ms)
			ReleaseScriptingObjects (0ms)
			CreateAndSetChildDomain (95ms)
		EndReloadAssembly (1879ms)
			LoadAssemblies (196ms)
			RebuildTransferFunctionScriptingTraits (0ms)
			SetupTypeCache (583ms)
			ReleaseScriptCaches (3ms)
			RebuildScriptCaches (87ms)
			SetupLoadedEditorAssemblies (882ms)
				LogAssemblyErrors (0ms)
				InitializePlatformSupportModulesInManaged (47ms)
				SetLoadedEditorAssemblies (1ms)
				RefreshPlugins (2ms)
				BeforeProcessingInitializeOnLoad (162ms)
				ProcessInitializeOnLoadAttributes (544ms)
				ProcessInitializeOnLoadMethodAttributes (116ms)
				AfterProcessingInitializeOnLoad (10ms)
				EditorAssembliesLoaded (0ms)
			ExecutionOrderSort2 (0ms)
			AwakeInstancesAfterBackupRestoration (18ms)
Platform modules already initialized, skipping
Refreshing native plugins compatible for Editor in 4.90 ms, found 3 plugins.
Preloading 0 native plugins for Editor in 0.00 ms.
Unloading 5450 Unused Serialized files (Serialized files now loaded: 0)
Unloading 56 unused Assets / (1.9 MB). Loaded Objects now: 6278.
Memory consumption went from 244.1 MB to 242.2 MB.
Total: 5.580300 ms (FindLiveObjects: 0.571600 ms CreateObjectMapping: 0.468000 ms MarkObjects: 3.968800 ms  DeleteObjects: 0.570500 ms)

AssetImportParameters requested are different than current active one (requested -> active):
  custom:video-decoder-ogg-theora: a1e56fd34408186e4bbccfd4996cb3dc -> 
  custom:container-muxer-webm: aa71ff27fc2769a1b78a27578f13a17b -> 
  custom:container-demuxer-webm: 4f35f7cbe854078d1ac9338744f61a02 -> 
  custom:video-encoder-webm-vp8: eb34c28f22e8b96e1ab97ce403110664 -> 
  custom:audio-encoder-webm-vorbis: bf7c407c2cedff20999df2af8eb42d56 -> 
  custom:framework-win-MediaFoundation: 216162199b28c13a410421893ffa2e32 -> 
  custom:container-demuxer-ogg: 62fdf1f143b41e24485cea50d1cbac27 -> 
  custom:video-decoder-webm-vp8: 9c59270c3fd7afecdb556c50c9e8de78 -> 
  custom:audio-decoder-ogg-vorbis: bf7c407c2cedff20999df2af8eb42d56 -> 
========================================================================
Received Import Request.
  Time since last request: 179.707466 seconds.
  path: Assets/bullet.prefab
  artifactKey: Guid(8b323f1c0f603a241b8fa131433708a8) Importer(815301076,1909f56bfc062723c751e8b465ee728b)
Start importing Assets/bullet.prefab using Guid(8b323f1c0f603a241b8fa131433708a8) Importer(815301076,1909f56bfc062723c751e8b465ee728b)  -> (artifact id: 'f88c8ea946b83ecb9886f1b3d0f37967') in 0.271661 seconds 
========================================================================
Received Import Request.
  Time since last request: 2.644614 seconds.
  path: Assets/bullet.prefab
  artifactKey: Guid(8b323f1c0f603a241b8fa131433708a8) Importer(815301076,1909f56bfc062723c751e8b465ee728b)
Start importing Assets/bullet.prefab using Guid(8b323f1c0f603a241b8fa131433708a8) Importer(815301076,1909f56bfc062723c751e8b465ee728b)  -> (artifact id: '626564bd427e880fd6b9be742fe41cf3') in 0.015135 seconds 
========================================================================
Received Import Request.
  Time since last request: 267.838067 seconds.
  path: Assets/bullet.prefab
  artifactKey: Guid(8b323f1c0f603a241b8fa131433708a8) Importer(815301076,1909f56bfc062723c751e8b465ee728b)
Start importing Assets/bullet.prefab using Guid(8b323f1c0f603a241b8fa131433708a8) Importer(815301076,1909f56bfc062723c751e8b465ee728b)  -> (artifact id: '36ad9f9a253aead5b43e7dc7d3c64dd1') in 0.017780 seconds 
========================================================================
Received Prepare
Registering precompiled user dll's ...
Registered in 0.030106 seconds.
Begin MonoManager ReloadAssembly
Symbol file LoadedFromMemory doesn't match image C:\Users\marta\Documents\GitHub\SchoolGame\SchoolGame\Library\PackageCache\com.unity.visualscripting@1.8.0\Editor\VisualScripting.Core\Dependencies\YamlDotNet\Unity.VisualScripting.YamlDotNet.dll
Symbol file LoadedFromMemory doesn't match image C:\Users\marta\Documents\GitHub\SchoolGame\SchoolGame\Library\PackageCache\com.unity.visualscripting@1.8.0\Editor\VisualScripting.Core\Dependencies\DotNetZip\Unity.VisualScripting.IonicZip.dll
Native extension for WindowsStandalone target not found
Native extension for iOS target not found
Native extension for Android target not found
Native extension for WebGL target not found
Refreshing native plugins compatible for Editor in 2.36 ms, found 3 plugins.
Preloading 0 native plugins for Editor in 0.00 ms.
Mono: successfully reloaded assembly
- Completed reload, in  2.996 seconds
Domain Reload Profiling:
	ReloadAssembly (2997ms)
		BeginReloadAssembly (370ms)
			ExecutionOrderSort (0ms)
			DisableScriptedObjects (13ms)
			BackupInstance (0ms)
			ReleaseScriptingObjects (0ms)
			CreateAndSetChildDomain (106ms)
		EndReloadAssembly (2339ms)
			LoadAssemblies (287ms)
			RebuildTransferFunctionScriptingTraits (0ms)
			SetupTypeCache (782ms)
			ReleaseScriptCaches (5ms)
			RebuildScriptCaches (94ms)
			SetupLoadedEditorAssemblies (1046ms)
				LogAssemblyErrors (0ms)
				InitializePlatformSupportModulesInManaged (62ms)
				SetLoadedEditorAssemblies (1ms)
				RefreshPlugins (3ms)
				BeforeProcessingInitializeOnLoad (195ms)
				ProcessInitializeOnLoadAttributes (632ms)
				ProcessInitializeOnLoadMethodAttributes (138ms)
				AfterProcessingInitializeOnLoad (15ms)
				EditorAssembliesLoaded (0ms)
			ExecutionOrderSort2 (0ms)
			AwakeInstancesAfterBackupRestoration (26ms)
Platform modules already initialized, skipping
Refreshing native plugins compatible for Editor in 4.54 ms, found 3 plugins.
Preloading 0 native plugins for Editor in 0.00 ms.
Unloading 5450 Unused Serialized files (Serialized files now loaded: 0)
Unloading 56 unused Assets / (1.9 MB). Loaded Objects now: 6333.
Memory consumption went from 244.2 MB to 242.2 MB.
Total: 11.243600 ms (FindLiveObjects: 0.699200 ms CreateObjectMapping: 0.943300 ms MarkObjects: 8.887800 ms  DeleteObjects: 0.711500 ms)

AssetImportParameters requested are different than current active one (requested -> active):
  custom:video-decoder-ogg-theora: a1e56fd34408186e4bbccfd4996cb3dc -> 
  custom:container-muxer-webm: aa71ff27fc2769a1b78a27578f13a17b -> 
  custom:container-demuxer-webm: 4f35f7cbe854078d1ac9338744f61a02 -> 
  custom:video-encoder-webm-vp8: eb34c28f22e8b96e1ab97ce403110664 -> 
  custom:audio-encoder-webm-vorbis: bf7c407c2cedff20999df2af8eb42d56 -> 
  custom:framework-win-MediaFoundation: 216162199b28c13a410421893ffa2e32 -> 
  custom:container-demuxer-ogg: 62fdf1f143b41e24485cea50d1cbac27 -> 
  custom:video-decoder-webm-vp8: 9c59270c3fd7afecdb556c50c9e8de78 -> 
  custom:audio-decoder-ogg-vorbis: bf7c407c2cedff20999df2af8eb42d56 -> 
========================================================================
Received Import Request.
  Time since last request: 622.310523 seconds.
  path: Assets/bullet.prefab
  artifactKey: Guid(8b323f1c0f603a241b8fa131433708a8) Importer(815301076,1909f56bfc062723c751e8b465ee728b)
Start importing Assets/bullet.prefab using Guid(8b323f1c0f603a241b8fa131433708a8) Importer(815301076,1909f56bfc062723c751e8b465ee728b)  -> (artifact id: '36ad9f9a253aead5b43e7dc7d3c64dd1') in 0.280054 seconds 
========================================================================
Received Import Request.
  Time since last request: 191.382318 seconds.
  path: Assets/Mobile/Prefabs
  artifactKey: Guid(49852dd85b2de7b4997a61317937f2e1) Importer(815301076,1909f56bfc062723c751e8b465ee728b)
Start importing Assets/Mobile/Prefabs using Guid(49852dd85b2de7b4997a61317937f2e1) Importer(815301076,1909f56bfc062723c751e8b465ee728b)  -> (artifact id: '577e8945a0a443bb7ac6a9a9d6359ac9') in 0.002425 seconds 
========================================================================
Received Import Request.
  Time since last request: 20.132838 seconds.
  path: Assets/Polygonal Particles
  artifactKey: Guid(31712a693b229bd439048afe5eb45ccf) Importer(815301076,1909f56bfc062723c751e8b465ee728b)
Start importing Assets/Polygonal Particles using Guid(31712a693b229bd439048afe5eb45ccf) Importer(815301076,1909f56bfc062723c751e8b465ee728b)  -> (artifact id: '192ea1825f3dca42f36d067b7cbd171b') in 0.002052 seconds 
========================================================================
Received Import Request.
  Time since last request: 1.932996 seconds.
  path: Assets/Polygonal Particles/Assets
  artifactKey: Guid(b2dfb8c50e48176439b23af916baa728) Importer(815301076,1909f56bfc062723c751e8b465ee728b)
Start importing Assets/Polygonal Particles/Assets using Guid(b2dfb8c50e48176439b23af916baa728) Importer(815301076,1909f56bfc062723c751e8b465ee728b)  -> (artifact id: '7b196b66fe7a55db2921736ed36dfc22') in 0.002507 seconds 
========================================================================
Received Import Request.
  Time since last request: 1.984882 seconds.
  path: Assets/Polygonal Particles/Assets/Prefabs
  artifactKey: Guid(0d252ab72314b3044b118b9fd9856b0c) Importer(815301076,1909f56bfc062723c751e8b465ee728b)
Start importing Assets/Polygonal Particles/Assets/Prefabs using Guid(0d252ab72314b3044b118b9fd9856b0c) Importer(815301076,1909f56bfc062723c751e8b465ee728b)  -> (artifact id: '782abe2836e8ae356bab2420f16eaca2') in 0.001696 seconds 
========================================================================
Received Import Request.
  Time since last request: 1.578766 seconds.
  path: Assets/Polygonal Particles/Assets/Prefabs/Hit Particles
  artifactKey: Guid(718541435c9427540b45a518bc8ca4f1) Importer(815301076,1909f56bfc062723c751e8b465ee728b)
Start importing Assets/Polygonal Particles/Assets/Prefabs/Hit Particles using Guid(718541435c9427540b45a518bc8ca4f1) Importer(815301076,1909f56bfc062723c751e8b465ee728b)  -> (artifact id: 'b36f893a52c8f8a595ab6656cd1119ba') in 0.003346 seconds 
========================================================================
Received Import Request.
  Time since last request: 0.038940 seconds.
  path: Assets/Polygonal Particles/Assets/Prefabs/Hit Particles/HitBlood.prefab
  artifactKey: Guid(6c86c599d7bf3464eb4506d2584fbe57) Importer(815301076,1909f56bfc062723c751e8b465ee728b)
Start importing Assets/Polygonal Particles/Assets/Prefabs/Hit Particles/HitBlood.prefab using Guid(6c86c599d7bf3464eb4506d2584fbe57) Importer(815301076,1909f56bfc062723c751e8b465ee728b)  -> (artifact id: '11617c54d8f026f8323d77450130720b') in 0.129146 seconds 
========================================================================
Received Import Request.
  Time since last request: 0.000052 seconds.
  path: Assets/Polygonal Particles/Assets/Prefabs/Hit Particles/HitRock02.prefab
  artifactKey: Guid(6fb79962b5722fb4a9958b904d7b53df) Importer(815301076,1909f56bfc062723c751e8b465ee728b)
Start importing Assets/Polygonal Particles/Assets/Prefabs/Hit Particles/HitRock02.prefab using Guid(6fb79962b5722fb4a9958b904d7b53df) Importer(815301076,1909f56bfc062723c751e8b465ee728b)  -> (artifact id: '7e94cb8518ab7cc3711d34eeeb2f5a1e') in 0.027003 seconds 
========================================================================
Received Import Request.
  Time since last request: 0.000092 seconds.
  path: Assets/Polygonal Particles/Assets/Prefabs/Hit Particles/HitRock01.prefab
  artifactKey: Guid(dc1d5ca3304bfa943859960d5d1bb9b3) Importer(815301076,1909f56bfc062723c751e8b465ee728b)
Start importing Assets/Polygonal Particles/Assets/Prefabs/Hit Particles/HitRock01.prefab using Guid(dc1d5ca3304bfa943859960d5d1bb9b3) Importer(815301076,1909f56bfc062723c751e8b465ee728b)  -> (artifact id: '039858bfdde2f084a0536f8c65b2f14c') in 0.019585 seconds 
========================================================================
Received Import Request.
  Time since last request: 0.000036 seconds.
  path: Assets/Polygonal Particles/Assets/Prefabs/Hit Particles/HitTree_HighPerformance.prefab
  artifactKey: Guid(f73afd53ee73a4040bf224699b896846) Importer(815301076,1909f56bfc062723c751e8b465ee728b)
Start importing Assets/Polygonal Particles/Assets/Prefabs/Hit Particles/HitTree_HighPerformance.prefab using Guid(f73afd53ee73a4040bf224699b896846) Importer(815301076,1909f56bfc062723c751e8b465ee728b)  -> (artifact id: 'd0e1e61b38a4d35e11f3c5258d2bc3cd') in 0.024936 seconds 
========================================================================
Received Import Request.
  Time since last request: 0.000052 seconds.
  path: Assets/Polygonal Particles/Assets/Prefabs/Hit Particles/HitRock01_HighPerformance.prefab
  artifactKey: Guid(b6445265c47fd4d4fa8e84418e5d90cd) Importer(815301076,1909f56bfc062723c751e8b465ee728b)
Start importing Assets/Polygonal Particles/Assets/Prefabs/Hit Particles/HitRock01_HighPerformance.prefab using Guid(b6445265c47fd4d4fa8e84418e5d90cd) Importer(815301076,1909f56bfc062723c751e8b465ee728b)  -> (artifact id: '7130a2add65791be923ceae903f174eb') in 0.022006 seconds 
========================================================================
Received Import Request.
  Time since last request: 0.000075 seconds.
  path: Assets/Polygonal Particles/Assets/Prefabs/Hit Particles/HitTree_Mobile.prefab
  artifactKey: Guid(73d47f4850e96d145869e36bc960ccb4) Importer(815301076,1909f56bfc062723c751e8b465ee728b)
Start importing Assets/Polygonal Particles/Assets/Prefabs/Hit Particles/HitTree_Mobile.prefab using Guid(73d47f4850e96d145869e36bc960ccb4) Importer(815301076,1909f56bfc062723c751e8b465ee728b)  -> (artifact id: 'f2054244d90a997f9ef317af4b91e800') in 0.074118 seconds 
========================================================================
Received Import Request.
  Time since last request: 0.000054 seconds.
  path: Assets/Polygonal Particles/Assets/Prefabs/Hit Particles/HitCrystal_HighPerformance.prefab
  artifactKey: Guid(ad714cd0d7a115b498c442f2b866d77f) Importer(815301076,1909f56bfc062723c751e8b465ee728b)
Start importing Assets/Polygonal Particles/Assets/Prefabs/Hit Particles/HitCrystal_HighPerformance.prefab using Guid(ad714cd0d7a115b498c442f2b866d77f) Importer(815301076,1909f56bfc062723c751e8b465ee728b)  -> (artifact id: '17b6e50b8d8529258762cb7c0d6106c4') in 0.019425 seconds 
========================================================================
Received Import Request.
  Time since last request: 1.029564 seconds.
  path: Assets/Polygonal Particles/Assets/Meshes/PolygonalMesh.fbx
  artifactKey: Guid(376153f3bc577c84ead7c2bc8df9c990) Importer(815301076,1909f56bfc062723c751e8b465ee728b)
Start importing Assets/Polygonal Particles/Assets/Meshes/PolygonalMesh.fbx using Guid(376153f3bc577c84ead7c2bc8df9c990) Importer(815301076,1909f56bfc062723c751e8b465ee728b)  -> (artifact id: '05ff2329e4f8ef878bdef3f62539164c') in 0.189565 seconds 
========================================================================
Received Import Request.
  Time since last request: 2.811981 seconds.
  path: Assets/Polygonal Particles/Assets/Meshes/WoodChip.fbx
  artifactKey: Guid(db32b33b90b007b47b8c02ad355c04bd) Importer(815301076,1909f56bfc062723c751e8b465ee728b)
Start importing Assets/Polygonal Particles/Assets/Meshes/WoodChip.fbx using Guid(db32b33b90b007b47b8c02ad355c04bd) Importer(815301076,1909f56bfc062723c751e8b465ee728b)  -> (artifact id: 'fbf362653e6db02ce65a121998b497a0') in 0.060671 seconds 
========================================================================
Received Import Request.
  Time since last request: 36.997435 seconds.
  path: Assets/Polygonal Particles/Assets/Materials/BlizzardMobile.mat
  artifactKey: Guid(3347ccc6cbd85d242b9b603914efb718) Importer(815301076,1909f56bfc062723c751e8b465ee728b)
Start importing Assets/Polygonal Particles/Assets/Materials/BlizzardMobile.mat using Guid(3347ccc6cbd85d242b9b603914efb718) Importer(815301076,1909f56bfc062723c751e8b465ee728b)  -> (artifact id: '45da2dafb409403f98ff41c6b6c2ed3f') in 0.016733 seconds 
========================================================================
Received Import Request.
  Time since last request: 0.000035 seconds.
  path: Assets/Polygonal Particles/Assets/Materials/FirefliesMobile.mat
  artifactKey: Guid(23d6b4bc043615642b2b59ba20ef9bfb) Importer(815301076,1909f56bfc062723c751e8b465ee728b)
Start importing Assets/Polygonal Particles/Assets/Materials/FirefliesMobile.mat using Guid(23d6b4bc043615642b2b59ba20ef9bfb) Importer(815301076,1909f56bfc062723c751e8b465ee728b)  -> (artifact id: '52c4ba2ded32807dc300dd91d18bab06') in 0.018267 seconds 
========================================================================
Received Import Request.
  Time since last request: 0.000044 seconds.
  path: Assets/Polygonal Particles/Assets/Materials/JetExhaust.mat
  artifactKey: Guid(00bedbb82a4cb1847a3dc8ce935f1358) Importer(815301076,1909f56bfc062723c751e8b465ee728b)
Start importing Assets/Polygonal Particles/Assets/Materials/JetExhaust.mat using Guid(00bedbb82a4cb1847a3dc8ce935f1358) Importer(815301076,1909f56bfc062723c751e8b465ee728b)  -> (artifact id: '1e82da58049a4f141d8a1a38fbc1f008') in 0.075587 seconds 
========================================================================
Received Import Request.
  Time since last request: 0.000052 seconds.
  path: Assets/Polygonal Particles/Assets/Materials/JetExhaustMobile.mat
  artifactKey: Guid(f3ac2bf9aac84e547a36319d5b260a98) Importer(815301076,1909f56bfc062723c751e8b465ee728b)
Start importing Assets/Polygonal Particles/Assets/Materials/JetExhaustMobile.mat using Guid(f3ac2bf9aac84e547a36319d5b260a98) Importer(815301076,1909f56bfc062723c751e8b465ee728b)  -> (artifact id: '68348c282606b922ad449f7cb2180808') in 0.021728 seconds 
========================================================================
Received Import Request.
  Time since last request: 0.000058 seconds.
  path: Assets/Polygonal Particles/Assets/Materials/WhiteSmokeMobile.mat
  artifactKey: Guid(16d0ebcaec48835489d4c4adfc3eddc8) Importer(815301076,1909f56bfc062723c751e8b465ee728b)
Start importing Assets/Polygonal Particles/Assets/Materials/WhiteSmokeMobile.mat using Guid(16d0ebcaec48835489d4c4adfc3eddc8) Importer(815301076,1909f56bfc062723c751e8b465ee728b)  -> (artifact id: '5077014814ad8f9ad3b70eff86e8d6fc') in 0.014194 seconds 
========================================================================
Received Import Request.
  Time since last request: 0.000083 seconds.
  path: Assets/Polygonal Particles/Assets/Materials/RainMobile.mat
  artifactKey: Guid(c47170003b7cccd49ac9b3094470c1cc) Importer(815301076,1909f56bfc062723c751e8b465ee728b)
Start importing Assets/Polygonal Particles/Assets/Materials/RainMobile.mat using Guid(c47170003b7cccd49ac9b3094470c1cc) Importer(815301076,1909f56bfc062723c751e8b465ee728b)  -> (artifact id: 'f665063d768574e5c5ba4c4361dceed2') in 0.016514 seconds 
========================================================================
Received Import Request.
  Time since last request: 0.000047 seconds.
  path: Assets/Polygonal Particles/Assets/Materials/Rain.mat
  artifactKey: Guid(d499979308abe504ba7f3751334d0c44) Importer(815301076,1909f56bfc062723c751e8b465ee728b)
Start importing Assets/Polygonal Particles/Assets/Materials/Rain.mat using Guid(d499979308abe504ba7f3751334d0c44) Importer(815301076,1909f56bfc062723c751e8b465ee728b)  -> (artifact id: '53ce0e252b4cf54e708f171489850749') in 0.016521 seconds 
========================================================================
Received Import Request.
  Time since last request: 0.000039 seconds.
  path: Assets/Polygonal Particles/Assets/Materials/DustMobile.mat
  artifactKey: Guid(cce1e234c87d372488bb96a013c93fa8) Importer(815301076,1909f56bfc062723c751e8b465ee728b)
Start importing Assets/Polygonal Particles/Assets/Materials/DustMobile.mat using Guid(cce1e234c87d372488bb96a013c93fa8) Importer(815301076,1909f56bfc062723c751e8b465ee728b)  -> (artifact id: 'ed28dff2e80350db18c52fef4b13fd2b') in 0.015521 seconds 
========================================================================
Received Import Request.
  Time since last request: 0.000062 seconds.
  path: Assets/Polygonal Particles/Assets/Materials/Snow.mat
  artifactKey: Guid(ca890bf583739f64e8a7cee0a52cea73) Importer(815301076,1909f56bfc062723c751e8b465ee728b)
Start importing Assets/Polygonal Particles/Assets/Materials/Snow.mat using Guid(ca890bf583739f64e8a7cee0a52cea73) Importer(815301076,1909f56bfc062723c751e8b465ee728b)  -> (artifact id: '2594a708e147bf2bec914eac9ecae0c2') in 0.015218 seconds 
========================================================================
Received Import Request.
  Time since last request: 0.000060 seconds.
  path: Assets/Polygonal Particles/Assets/Materials/Fire.mat
  artifactKey: Guid(0adccdc2a4b32954b8aed3fb0d07d3e7) Importer(815301076,1909f56bfc062723c751e8b465ee728b)
Start importing Assets/Polygonal Particles/Assets/Materials/Fire.mat using Guid(0adccdc2a4b32954b8aed3fb0d07d3e7) Importer(815301076,1909f56bfc062723c751e8b465ee728b)  -> (artifact id: 'f60d67928254173ec24fae25c4b7268b') in 0.062466 seconds 
========================================================================
Received Import Request.
  Time since last request: 0.000061 seconds.
  path: Assets/Polygonal Particles/Assets/Materials/BloodMobile.mat
  artifactKey: Guid(b2ffa08da972da443bd00a6922421ea8) Importer(815301076,1909f56bfc062723c751e8b465ee728b)
Start importing Assets/Polygonal Particles/Assets/Materials/BloodMobile.mat using Guid(b2ffa08da972da443bd00a6922421ea8) Importer(815301076,1909f56bfc062723c751e8b465ee728b)  -> (artifact id: 'effa84e3139357d1da3a3e066279f400') in 0.017198 seconds 
========================================================================
Received Import Request.
  Time since last request: 0.000064 seconds.
  path: Assets/Polygonal Particles/Assets/Materials/WhiteSmoke.mat
  artifactKey: Guid(49ce1792a710a7c4ba022d5c6ce9a4e3) Importer(815301076,1909f56bfc062723c751e8b465ee728b)
Start importing Assets/Polygonal Particles/Assets/Materials/WhiteSmoke.mat using Guid(49ce1792a710a7c4ba022d5c6ce9a4e3) Importer(815301076,1909f56bfc062723c751e8b465ee728b)  -> (artifact id: '470511b36783c582c24bad5a19a2d444') in 0.016481 seconds 
========================================================================
Received Import Request.
  Time since last request: 0.000049 seconds.
  path: Assets/Polygonal Particles/Assets/Materials/Fireflies.mat
  artifactKey: Guid(2e7143b4290d8d1469ee03e7e0b14eb4) Importer(815301076,1909f56bfc062723c751e8b465ee728b)
Start importing Assets/Polygonal Particles/Assets/Materials/Fireflies.mat using Guid(2e7143b4290d8d1469ee03e7e0b14eb4) Importer(815301076,1909f56bfc062723c751e8b465ee728b)  -> (artifact id: '9c4da1508daba3bcfcda748f0305b755') in 0.016660 seconds 
========================================================================
Received Import Request.
  Time since last request: 0.000057 seconds.
  path: Assets/Polygonal Particles/Assets/Materials/LeafMobile.mat
  artifactKey: Guid(57adad89df312d147b7e47fc46d05d8a) Importer(815301076,1909f56bfc062723c751e8b465ee728b)
Start importing Assets/Polygonal Particles/Assets/Materials/LeafMobile.mat using Guid(57adad89df312d147b7e47fc46d05d8a) Importer(815301076,1909f56bfc062723c751e8b465ee728b)  -> (artifact id: '78ddb833276024e4977143eaa196e3b9') in 0.017931 seconds 
========================================================================
Received Prepare
Registering precompiled user dll's ...
Registered in 0.018394 seconds.
Begin MonoManager ReloadAssembly
Symbol file LoadedFromMemory doesn't match image C:\Users\marta\Documents\GitHub\SchoolGame\SchoolGame\Library\PackageCache\com.unity.visualscripting@1.8.0\Editor\VisualScripting.Core\Dependencies\YamlDotNet\Unity.VisualScripting.YamlDotNet.dll
Symbol file LoadedFromMemory doesn't match image C:\Users\marta\Documents\GitHub\SchoolGame\SchoolGame\Library\PackageCache\com.unity.visualscripting@1.8.0\Editor\VisualScripting.Core\Dependencies\DotNetZip\Unity.VisualScripting.IonicZip.dll
Native extension for WindowsStandalone target not found
Native extension for iOS target not found
Native extension for Android target not found
Native extension for WebGL target not found
Refreshing native plugins compatible for Editor in 1.45 ms, found 3 plugins.
Preloading 0 native plugins for Editor in 0.00 ms.
Mono: successfully reloaded assembly
- Completed reload, in  2.526 seconds
Domain Reload Profiling:
	ReloadAssembly (2528ms)
		BeginReloadAssembly (313ms)
			ExecutionOrderSort (0ms)
			DisableScriptedObjects (20ms)
			BackupInstance (0ms)
			ReleaseScriptingObjects (0ms)
			CreateAndSetChildDomain (83ms)
		EndReloadAssembly (1999ms)
			LoadAssemblies (207ms)
			RebuildTransferFunctionScriptingTraits (0ms)
			SetupTypeCache (681ms)
			ReleaseScriptCaches (3ms)
			RebuildScriptCaches (122ms)
			SetupLoadedEditorAssemblies (836ms)
				LogAssemblyErrors (0ms)
				InitializePlatformSupportModulesInManaged (43ms)
				SetLoadedEditorAssemblies (1ms)
				RefreshPlugins (2ms)
				BeforeProcessingInitializeOnLoad (170ms)
				ProcessInitializeOnLoadAttributes (517ms)
				ProcessInitializeOnLoadMethodAttributes (95ms)
				AfterProcessingInitializeOnLoad (9ms)
				EditorAssembliesLoaded (0ms)
			ExecutionOrderSort2 (0ms)
			AwakeInstancesAfterBackupRestoration (17ms)
Platform modules already initialized, skipping
Refreshing native plugins compatible for Editor in 9.11 ms, found 3 plugins.
Preloading 0 native plugins for Editor in 0.00 ms.
Unloading 5450 Unused Serialized files (Serialized files now loaded: 0)
Unloading 56 unused Assets / (1.9 MB). Loaded Objects now: 6430.
Memory consumption went from 244.8 MB to 242.9 MB.
Total: 5.934700 ms (FindLiveObjects: 0.590500 ms CreateObjectMapping: 0.483100 ms MarkObjects: 4.261600 ms  DeleteObjects: 0.598300 ms)

AssetImportParameters requested are different than current active one (requested -> active):
  custom:video-decoder-ogg-theora: a1e56fd34408186e4bbccfd4996cb3dc -> 
  custom:container-muxer-webm: aa71ff27fc2769a1b78a27578f13a17b -> 
  custom:container-demuxer-webm: 4f35f7cbe854078d1ac9338744f61a02 -> 
  custom:video-encoder-webm-vp8: eb34c28f22e8b96e1ab97ce403110664 -> 
  custom:audio-encoder-webm-vorbis: bf7c407c2cedff20999df2af8eb42d56 -> 
  custom:framework-win-MediaFoundation: 216162199b28c13a410421893ffa2e32 -> 
  custom:container-demuxer-ogg: 62fdf1f143b41e24485cea50d1cbac27 -> 
  custom:video-decoder-webm-vp8: 9c59270c3fd7afecdb556c50c9e8de78 -> 
  custom:audio-decoder-ogg-vorbis: bf7c407c2cedff20999df2af8eb42d56 -> 
========================================================================
Received Prepare
Registering precompiled user dll's ...
Registered in 0.019815 seconds.
Begin MonoManager ReloadAssembly
Symbol file LoadedFromMemory doesn't match image C:\Users\marta\Documents\GitHub\SchoolGame\SchoolGame\Library\PackageCache\com.unity.visualscripting@1.8.0\Editor\VisualScripting.Core\Dependencies\YamlDotNet\Unity.VisualScripting.YamlDotNet.dll
Symbol file LoadedFromMemory doesn't match image C:\Users\marta\Documents\GitHub\SchoolGame\SchoolGame\Library\PackageCache\com.unity.visualscripting@1.8.0\Editor\VisualScripting.Core\Dependencies\DotNetZip\Unity.VisualScripting.IonicZip.dll
Native extension for WindowsStandalone target not found
Native extension for iOS target not found
Native extension for Android target not found
Native extension for WebGL target not found
Refreshing native plugins compatible for Editor in 1.35 ms, found 3 plugins.
Preloading 0 native plugins for Editor in 0.00 ms.
Mono: successfully reloaded assembly
- Completed reload, in  2.646 seconds
Domain Reload Profiling:
	ReloadAssembly (2648ms)
		BeginReloadAssembly (276ms)
			ExecutionOrderSort (0ms)
			DisableScriptedObjects (9ms)
			BackupInstance (0ms)
			ReleaseScriptingObjects (0ms)
			CreateAndSetChildDomain (82ms)
		EndReloadAssembly (2158ms)
			LoadAssemblies (205ms)
			RebuildTransferFunctionScriptingTraits (0ms)
			SetupTypeCache (687ms)
			ReleaseScriptCaches (4ms)
			RebuildScriptCaches (100ms)
			SetupLoadedEditorAssemblies (976ms)
				LogAssemblyErrors (0ms)
				InitializePlatformSupportModulesInManaged (54ms)
				SetLoadedEditorAssemblies (1ms)
				RefreshPlugins (1ms)
				BeforeProcessingInitializeOnLoad (202ms)
				ProcessInitializeOnLoadAttributes (570ms)
				ProcessInitializeOnLoadMethodAttributes (135ms)
				AfterProcessingInitializeOnLoad (13ms)
				EditorAssembliesLoaded (0ms)
			ExecutionOrderSort2 (0ms)
			AwakeInstancesAfterBackupRestoration (23ms)
Platform modules already initialized, skipping
Refreshing native plugins compatible for Editor in 5.34 ms, found 3 plugins.
Preloading 0 native plugins for Editor in 0.00 ms.
Unloading 5450 Unused Serialized files (Serialized files now loaded: 0)
Unloading 56 unused Assets / (1.9 MB). Loaded Objects now: 6445.
Memory consumption went from 244.8 MB to 242.8 MB.
Total: 6.194600 ms (FindLiveObjects: 0.694500 ms CreateObjectMapping: 0.607900 ms MarkObjects: 4.267800 ms  DeleteObjects: 0.623200 ms)

AssetImportParameters requested are different than current active one (requested -> active):
  custom:video-decoder-ogg-theora: a1e56fd34408186e4bbccfd4996cb3dc -> 
  custom:container-muxer-webm: aa71ff27fc2769a1b78a27578f13a17b -> 
  custom:container-demuxer-webm: 4f35f7cbe854078d1ac9338744f61a02 -> 
  custom:video-encoder-webm-vp8: eb34c28f22e8b96e1ab97ce403110664 -> 
  custom:audio-encoder-webm-vorbis: bf7c407c2cedff20999df2af8eb42d56 -> 
  custom:framework-win-MediaFoundation: 216162199b28c13a410421893ffa2e32 -> 
  custom:container-demuxer-ogg: 62fdf1f143b41e24485cea50d1cbac27 -> 
  custom:video-decoder-webm-vp8: 9c59270c3fd7afecdb556c50c9e8de78 -> 
  custom:audio-decoder-ogg-vorbis: bf7c407c2cedff20999df2af8eb42d56 -> 
========================================================================
Received Import Request.
  Time since last request: 362.345542 seconds.
  path: Assets/bullet.prefab
  artifactKey: Guid(8b323f1c0f603a241b8fa131433708a8) Importer(815301076,1909f56bfc062723c751e8b465ee728b)
Start importing Assets/bullet.prefab using Guid(8b323f1c0f603a241b8fa131433708a8) Importer(815301076,1909f56bfc062723c751e8b465ee728b)  -> (artifact id: '5851fa1d13952c006d6804967465af9e') in 0.276671 seconds 
========================================================================
Received Prepare
Registering precompiled user dll's ...
Registered in 0.022641 seconds.
Begin MonoManager ReloadAssembly
Symbol file LoadedFromMemory doesn't match image C:\Users\marta\Documents\GitHub\SchoolGame\SchoolGame\Library\PackageCache\com.unity.visualscripting@1.8.0\Editor\VisualScripting.Core\Dependencies\YamlDotNet\Unity.VisualScripting.YamlDotNet.dll
Symbol file LoadedFromMemory doesn't match image C:\Users\marta\Documents\GitHub\SchoolGame\SchoolGame\Library\PackageCache\com.unity.visualscripting@1.8.0\Editor\VisualScripting.Core\Dependencies\DotNetZip\Unity.VisualScripting.IonicZip.dll
Native extension for WindowsStandalone target not found
Native extension for iOS target not found
Native extension for Android target not found
Native extension for WebGL target not found
Refreshing native plugins compatible for Editor in 2.53 ms, found 3 plugins.
Preloading 0 native plugins for Editor in 0.00 ms.
Mono: successfully reloaded assembly
- Completed reload, in  2.416 seconds
Domain Reload Profiling:
	ReloadAssembly (2417ms)
		BeginReloadAssembly (263ms)
			ExecutionOrderSort (0ms)
			DisableScriptedObjects (14ms)
			BackupInstance (0ms)
			ReleaseScriptingObjects (0ms)
			CreateAndSetChildDomain (65ms)
		EndReloadAssembly (1949ms)
			LoadAssemblies (212ms)
			RebuildTransferFunctionScriptingTraits (0ms)
			SetupTypeCache (591ms)
			ReleaseScriptCaches (3ms)
			RebuildScriptCaches (113ms)
			SetupLoadedEditorAssemblies (887ms)
				LogAssemblyErrors (0ms)
				InitializePlatformSupportModulesInManaged (68ms)
				SetLoadedEditorAssemblies (1ms)
				RefreshPlugins (3ms)
				BeforeProcessingInitializeOnLoad (180ms)
				ProcessInitializeOnLoadAttributes (506ms)
				ProcessInitializeOnLoadMethodAttributes (117ms)
				AfterProcessingInitializeOnLoad (12ms)
				EditorAssembliesLoaded (0ms)
			ExecutionOrderSort2 (0ms)
			AwakeInstancesAfterBackupRestoration (20ms)
Platform modules already initialized, skipping
Refreshing native plugins compatible for Editor in 4.93 ms, found 3 plugins.
Preloading 0 native plugins for Editor in 0.00 ms.
Unloading 5450 Unused Serialized files (Serialized files now loaded: 0)
Unloading 56 unused Assets / (1.9 MB). Loaded Objects now: 6500.
Memory consumption went from 244.9 MB to 243.0 MB.
Total: 8.606500 ms (FindLiveObjects: 0.763100 ms CreateObjectMapping: 0.777200 ms MarkObjects: 6.293600 ms  DeleteObjects: 0.770800 ms)

AssetImportParameters requested are different than current active one (requested -> active):
  custom:video-decoder-ogg-theora: a1e56fd34408186e4bbccfd4996cb3dc -> 
  custom:container-muxer-webm: aa71ff27fc2769a1b78a27578f13a17b -> 
  custom:container-demuxer-webm: 4f35f7cbe854078d1ac9338744f61a02 -> 
  custom:video-encoder-webm-vp8: eb34c28f22e8b96e1ab97ce403110664 -> 
  custom:audio-encoder-webm-vorbis: bf7c407c2cedff20999df2af8eb42d56 -> 
  custom:framework-win-MediaFoundation: 216162199b28c13a410421893ffa2e32 -> 
  custom:container-demuxer-ogg: 62fdf1f143b41e24485cea50d1cbac27 -> 
  custom:video-decoder-webm-vp8: 9c59270c3fd7afecdb556c50c9e8de78 -> 
  custom:audio-decoder-ogg-vorbis: bf7c407c2cedff20999df2af8eb42d56 -> 
========================================================================
Received Import Request.
  Time since last request: 94.824396 seconds.
  path: Assets/bullet.prefab
  artifactKey: Guid(8b323f1c0f603a241b8fa131433708a8) Importer(815301076,1909f56bfc062723c751e8b465ee728b)
Start importing Assets/bullet.prefab using Guid(8b323f1c0f603a241b8fa131433708a8) Importer(815301076,1909f56bfc062723c751e8b465ee728b)  -> (artifact id: '776d26d62f1e4651573e51dd646d38d4') in 0.327756 seconds 
========================================================================
Received Prepare
Registering precompiled user dll's ...
Registered in 0.022500 seconds.
Begin MonoManager ReloadAssembly
Symbol file LoadedFromMemory doesn't match image C:\Users\marta\Documents\GitHub\SchoolGame\SchoolGame\Library\PackageCache\com.unity.visualscripting@1.8.0\Editor\VisualScripting.Core\Dependencies\YamlDotNet\Unity.VisualScripting.YamlDotNet.dll
Symbol file LoadedFromMemory doesn't match image C:\Users\marta\Documents\GitHub\SchoolGame\SchoolGame\Library\PackageCache\com.unity.visualscripting@1.8.0\Editor\VisualScripting.Core\Dependencies\DotNetZip\Unity.VisualScripting.IonicZip.dll
Native extension for WindowsStandalone target not found
Native extension for iOS target not found
Native extension for Android target not found
Native extension for WebGL target not found
Refreshing native plugins compatible for Editor in 1.44 ms, found 3 plugins.
Preloading 0 native plugins for Editor in 0.00 ms.
Mono: successfully reloaded assembly
- Completed reload, in  2.413 seconds
Domain Reload Profiling:
	ReloadAssembly (2414ms)
		BeginReloadAssembly (290ms)
			ExecutionOrderSort (0ms)
			DisableScriptedObjects (13ms)
			BackupInstance (0ms)
			ReleaseScriptingObjects (0ms)
			CreateAndSetChildDomain (90ms)
		EndReloadAssembly (1917ms)
			LoadAssemblies (188ms)
			RebuildTransferFunctionScriptingTraits (0ms)
			SetupTypeCache (606ms)
			ReleaseScriptCaches (3ms)
			RebuildScriptCaches (98ms)
			SetupLoadedEditorAssemblies (909ms)
				LogAssemblyErrors (0ms)
				InitializePlatformSupportModulesInManaged (39ms)
				SetLoadedEditorAssemblies (1ms)
				RefreshPlugins (2ms)
				BeforeProcessingInitializeOnLoad (203ms)
				ProcessInitializeOnLoadAttributes (571ms)
				ProcessInitializeOnLoadMethodAttributes (83ms)
				AfterProcessingInitializeOnLoad (10ms)
				EditorAssembliesLoaded (0ms)
			ExecutionOrderSort2 (0ms)
			AwakeInstancesAfterBackupRestoration (21ms)
Platform modules already initialized, skipping
Refreshing native plugins compatible for Editor in 5.58 ms, found 3 plugins.
Preloading 0 native plugins for Editor in 0.00 ms.
Unloading 5450 Unused Serialized files (Serialized files now loaded: 0)
Unloading 56 unused Assets / (1.9 MB). Loaded Objects now: 6555.
Memory consumption went from 245.0 MB to 243.0 MB.
Total: 10.062000 ms (FindLiveObjects: 0.822000 ms CreateObjectMapping: 0.736900 ms MarkObjects: 7.653100 ms  DeleteObjects: 0.847800 ms)

AssetImportParameters requested are different than current active one (requested -> active):
  custom:video-decoder-ogg-theora: a1e56fd34408186e4bbccfd4996cb3dc -> 
  custom:container-muxer-webm: aa71ff27fc2769a1b78a27578f13a17b -> 
  custom:container-demuxer-webm: 4f35f7cbe854078d1ac9338744f61a02 -> 
  custom:video-encoder-webm-vp8: eb34c28f22e8b96e1ab97ce403110664 -> 
  custom:audio-encoder-webm-vorbis: bf7c407c2cedff20999df2af8eb42d56 -> 
  custom:framework-win-MediaFoundation: 216162199b28c13a410421893ffa2e32 -> 
  custom:container-demuxer-ogg: 62fdf1f143b41e24485cea50d1cbac27 -> 
  custom:video-decoder-webm-vp8: 9c59270c3fd7afecdb556c50c9e8de78 -> 
  custom:audio-decoder-ogg-vorbis: bf7c407c2cedff20999df2af8eb42d56 -> 
========================================================================
Received Prepare
Registering precompiled user dll's ...
Registered in 0.025642 seconds.
Begin MonoManager ReloadAssembly
Symbol file LoadedFromMemory doesn't match image C:\Users\marta\Documents\GitHub\SchoolGame\SchoolGame\Library\PackageCache\com.unity.visualscripting@1.8.0\Editor\VisualScripting.Core\Dependencies\YamlDotNet\Unity.VisualScripting.YamlDotNet.dll
Symbol file LoadedFromMemory doesn't match image C:\Users\marta\Documents\GitHub\SchoolGame\SchoolGame\Library\PackageCache\com.unity.visualscripting@1.8.0\Editor\VisualScripting.Core\Dependencies\DotNetZip\Unity.VisualScripting.IonicZip.dll
Native extension for WindowsStandalone target not found
Native extension for iOS target not found
Native extension for Android target not found
Native extension for WebGL target not found
Refreshing native plugins compatible for Editor in 1.46 ms, found 3 plugins.
Preloading 0 native plugins for Editor in 0.00 ms.
Mono: successfully reloaded assembly
- Completed reload, in  2.656 seconds
Domain Reload Profiling:
	ReloadAssembly (2657ms)
		BeginReloadAssembly (253ms)
			ExecutionOrderSort (0ms)
			DisableScriptedObjects (9ms)
			BackupInstance (0ms)
			ReleaseScriptingObjects (0ms)
			CreateAndSetChildDomain (71ms)
		EndReloadAssembly (2207ms)
			LoadAssemblies (199ms)
			RebuildTransferFunctionScriptingTraits (0ms)
			SetupTypeCache (698ms)
			ReleaseScriptCaches (4ms)
			RebuildScriptCaches (89ms)
			SetupLoadedEditorAssemblies (1036ms)
				LogAssemblyErrors (0ms)
				InitializePlatformSupportModulesInManaged (50ms)
				SetLoadedEditorAssemblies (1ms)
				RefreshPlugins (2ms)
				BeforeProcessingInitializeOnLoad (180ms)
				ProcessInitializeOnLoadAttributes (670ms)
				ProcessInitializeOnLoadMethodAttributes (122ms)
				AfterProcessingInitializeOnLoad (11ms)
				EditorAssembliesLoaded (0ms)
			ExecutionOrderSort2 (0ms)
			AwakeInstancesAfterBackupRestoration (17ms)
Platform modules already initialized, skipping
Refreshing native plugins compatible for Editor in 3.83 ms, found 3 plugins.
Preloading 0 native plugins for Editor in 0.00 ms.
Unloading 5450 Unused Serialized files (Serialized files now loaded: 0)
Unloading 56 unused Assets / (1.9 MB). Loaded Objects now: 6570.
Memory consumption went from 244.9 MB to 242.9 MB.
Total: 5.308200 ms (FindLiveObjects: 0.546900 ms CreateObjectMapping: 0.501000 ms MarkObjects: 3.637500 ms  DeleteObjects: 0.621700 ms)

AssetImportParameters requested are different than current active one (requested -> active):
  custom:video-decoder-ogg-theora: a1e56fd34408186e4bbccfd4996cb3dc -> 
  custom:container-muxer-webm: aa71ff27fc2769a1b78a27578f13a17b -> 
  custom:container-demuxer-webm: 4f35f7cbe854078d1ac9338744f61a02 -> 
  custom:video-encoder-webm-vp8: eb34c28f22e8b96e1ab97ce403110664 -> 
  custom:audio-encoder-webm-vorbis: bf7c407c2cedff20999df2af8eb42d56 -> 
  custom:framework-win-MediaFoundation: 216162199b28c13a410421893ffa2e32 -> 
  custom:container-demuxer-ogg: 62fdf1f143b41e24485cea50d1cbac27 -> 
  custom:video-decoder-webm-vp8: 9c59270c3fd7afecdb556c50c9e8de78 -> 
  custom:audio-decoder-ogg-vorbis: bf7c407c2cedff20999df2af8eb42d56 -> 
========================================================================
Received Prepare
Registering precompiled user dll's ...
Registered in 0.033799 seconds.
Begin MonoManager ReloadAssembly
Symbol file LoadedFromMemory doesn't match image C:\Users\marta\Documents\GitHub\SchoolGame\SchoolGame\Library\PackageCache\com.unity.visualscripting@1.8.0\Editor\VisualScripting.Core\Dependencies\YamlDotNet\Unity.VisualScripting.YamlDotNet.dll
Symbol file LoadedFromMemory doesn't match image C:\Users\marta\Documents\GitHub\SchoolGame\SchoolGame\Library\PackageCache\com.unity.visualscripting@1.8.0\Editor\VisualScripting.Core\Dependencies\DotNetZip\Unity.VisualScripting.IonicZip.dll
Native extension for WindowsStandalone target not found
Native extension for iOS target not found
Native extension for Android target not found
Native extension for WebGL target not found
Refreshing native plugins compatible for Editor in 3.43 ms, found 3 plugins.
Preloading 0 native plugins for Editor in 0.00 ms.
Mono: successfully reloaded assembly
- Completed reload, in  4.050 seconds
Domain Reload Profiling:
	ReloadAssembly (4052ms)
		BeginReloadAssembly (383ms)
			ExecutionOrderSort (0ms)
			DisableScriptedObjects (10ms)
			BackupInstance (0ms)
			ReleaseScriptingObjects (0ms)
			CreateAndSetChildDomain (142ms)
		EndReloadAssembly (3428ms)
			LoadAssemblies (278ms)
			RebuildTransferFunctionScriptingTraits (0ms)
			SetupTypeCache (978ms)
			ReleaseScriptCaches (4ms)
			RebuildScriptCaches (145ms)
			SetupLoadedEditorAssemblies (1730ms)
				LogAssemblyErrors (0ms)
				InitializePlatformSupportModulesInManaged (91ms)
				SetLoadedEditorAssemblies (1ms)
				RefreshPlugins (4ms)
				BeforeProcessingInitializeOnLoad (442ms)
				ProcessInitializeOnLoadAttributes (936ms)
				ProcessInitializeOnLoadMethodAttributes (235ms)
				AfterProcessingInitializeOnLoad (21ms)
				EditorAssembliesLoaded (0ms)
			ExecutionOrderSort2 (0ms)
			AwakeInstancesAfterBackupRestoration (36ms)
Platform modules already initialized, skipping
Refreshing native plugins compatible for Editor in 7.32 ms, found 3 plugins.
Preloading 0 native plugins for Editor in 0.00 ms.
Unloading 5450 Unused Serialized files (Serialized files now loaded: 0)
Unloading 56 unused Assets / (1.9 MB). Loaded Objects now: 6585.
Memory consumption went from 244.9 MB to 243.0 MB.
Total: 8.933100 ms (FindLiveObjects: 1.204100 ms CreateObjectMapping: 0.917200 ms MarkObjects: 6.022600 ms  DeleteObjects: 0.786800 ms)

AssetImportParameters requested are different than current active one (requested -> active):
  custom:video-decoder-ogg-theora: a1e56fd34408186e4bbccfd4996cb3dc -> 
  custom:container-muxer-webm: aa71ff27fc2769a1b78a27578f13a17b -> 
  custom:container-demuxer-webm: 4f35f7cbe854078d1ac9338744f61a02 -> 
  custom:video-encoder-webm-vp8: eb34c28f22e8b96e1ab97ce403110664 -> 
  custom:audio-encoder-webm-vorbis: bf7c407c2cedff20999df2af8eb42d56 -> 
  custom:framework-win-MediaFoundation: 216162199b28c13a410421893ffa2e32 -> 
  custom:container-demuxer-ogg: 62fdf1f143b41e24485cea50d1cbac27 -> 
  custom:video-decoder-webm-vp8: 9c59270c3fd7afecdb556c50c9e8de78 -> 
  custom:audio-decoder-ogg-vorbis: bf7c407c2cedff20999df2af8eb42d56 -> 
========================================================================
Received Prepare
Registering precompiled user dll's ...
Registered in 0.053075 seconds.
Begin MonoManager ReloadAssembly
Symbol file LoadedFromMemory doesn't match image C:\Users\marta\Documents\GitHub\SchoolGame\SchoolGame\Library\PackageCache\com.unity.visualscripting@1.8.0\Editor\VisualScripting.Core\Dependencies\YamlDotNet\Unity.VisualScripting.YamlDotNet.dll
Symbol file LoadedFromMemory doesn't match image C:\Users\marta\Documents\GitHub\SchoolGame\SchoolGame\Library\PackageCache\com.unity.visualscripting@1.8.0\Editor\VisualScripting.Core\Dependencies\DotNetZip\Unity.VisualScripting.IonicZip.dll
Native extension for WindowsStandalone target not found
Native extension for iOS target not found
Native extension for Android target not found
Native extension for WebGL target not found
Refreshing native plugins compatible for Editor in 1.37 ms, found 3 plugins.
Preloading 0 native plugins for Editor in 0.00 ms.
Mono: successfully reloaded assembly
- Completed reload, in  2.554 seconds
Domain Reload Profiling:
	ReloadAssembly (2555ms)
		BeginReloadAssembly (263ms)
			ExecutionOrderSort (0ms)
			DisableScriptedObjects (8ms)
			BackupInstance (0ms)
			ReleaseScriptingObjects (0ms)
			CreateAndSetChildDomain (59ms)
		EndReloadAssembly (2124ms)
			LoadAssemblies (199ms)
			RebuildTransferFunctionScriptingTraits (0ms)
			SetupTypeCache (509ms)
			ReleaseScriptCaches (3ms)
			RebuildScriptCaches (74ms)
			SetupLoadedEditorAssemblies (1198ms)
				LogAssemblyErrors (0ms)
				InitializePlatformSupportModulesInManaged (39ms)
				SetLoadedEditorAssemblies (1ms)
				RefreshPlugins (1ms)
				BeforeProcessingInitializeOnLoad (138ms)
				ProcessInitializeOnLoadAttributes (851ms)
				ProcessInitializeOnLoadMethodAttributes (138ms)
				AfterProcessingInitializeOnLoad (30ms)
				EditorAssembliesLoaded (0ms)
			ExecutionOrderSort2 (0ms)
			AwakeInstancesAfterBackupRestoration (31ms)
Platform modules already initialized, skipping
Refreshing native plugins compatible for Editor in 6.59 ms, found 3 plugins.
Preloading 0 native plugins for Editor in 0.00 ms.
Unloading 5450 Unused Serialized files (Serialized files now loaded: 0)
Unloading 56 unused Assets / (1.9 MB). Loaded Objects now: 6600.
Memory consumption went from 244.9 MB to 243.0 MB.
Total: 8.408200 ms (FindLiveObjects: 0.813700 ms CreateObjectMapping: 0.820200 ms MarkObjects: 5.923800 ms  DeleteObjects: 0.848800 ms)

AssetImportParameters requested are different than current active one (requested -> active):
  custom:video-decoder-ogg-theora: a1e56fd34408186e4bbccfd4996cb3dc -> 
  custom:container-muxer-webm: aa71ff27fc2769a1b78a27578f13a17b -> 
  custom:container-demuxer-webm: 4f35f7cbe854078d1ac9338744f61a02 -> 
  custom:video-encoder-webm-vp8: eb34c28f22e8b96e1ab97ce403110664 -> 
  custom:audio-encoder-webm-vorbis: bf7c407c2cedff20999df2af8eb42d56 -> 
  custom:framework-win-MediaFoundation: 216162199b28c13a410421893ffa2e32 -> 
  custom:container-demuxer-ogg: 62fdf1f143b41e24485cea50d1cbac27 -> 
  custom:video-decoder-webm-vp8: 9c59270c3fd7afecdb556c50c9e8de78 -> 
  custom:audio-decoder-ogg-vorbis: bf7c407c2cedff20999df2af8eb42d56 -> 
========================================================================
Received Prepare
Registering precompiled user dll's ...
Registered in 0.029355 seconds.
Begin MonoManager ReloadAssembly
Symbol file LoadedFromMemory doesn't match image C:\Users\marta\Documents\GitHub\SchoolGame\SchoolGame\Library\PackageCache\com.unity.visualscripting@1.8.0\Editor\VisualScripting.Core\Dependencies\YamlDotNet\Unity.VisualScripting.YamlDotNet.dll
Symbol file LoadedFromMemory doesn't match image C:\Users\marta\Documents\GitHub\SchoolGame\SchoolGame\Library\PackageCache\com.unity.visualscripting@1.8.0\Editor\VisualScripting.Core\Dependencies\DotNetZip\Unity.VisualScripting.IonicZip.dll
Native extension for WindowsStandalone target not found
Native extension for iOS target not found
Native extension for Android target not found
Native extension for WebGL target not found
Refreshing native plugins compatible for Editor in 1.87 ms, found 3 plugins.
Preloading 0 native plugins for Editor in 0.00 ms.
Mono: successfully reloaded assembly
- Completed reload, in  2.533 seconds
Domain Reload Profiling:
	ReloadAssembly (2534ms)
		BeginReloadAssembly (251ms)
			ExecutionOrderSort (0ms)
			DisableScriptedObjects (7ms)
			BackupInstance (0ms)
			ReleaseScriptingObjects (0ms)
			CreateAndSetChildDomain (60ms)
		EndReloadAssembly (2127ms)
			LoadAssemblies (197ms)
			RebuildTransferFunctionScriptingTraits (0ms)
			SetupTypeCache (699ms)
			ReleaseScriptCaches (3ms)
			RebuildScriptCaches (86ms)
			SetupLoadedEditorAssemblies (1024ms)
				LogAssemblyErrors (0ms)
				InitializePlatformSupportModulesInManaged (47ms)
				SetLoadedEditorAssemblies (1ms)
				RefreshPlugins (2ms)
				BeforeProcessingInitializeOnLoad (180ms)
				ProcessInitializeOnLoadAttributes (683ms)
				ProcessInitializeOnLoadMethodAttributes (101ms)
				AfterProcessingInitializeOnLoad (10ms)
				EditorAssembliesLoaded (0ms)
			ExecutionOrderSort2 (0ms)
			AwakeInstancesAfterBackupRestoration (18ms)
Platform modules already initialized, skipping
Refreshing native plugins compatible for Editor in 4.96 ms, found 3 plugins.
Preloading 0 native plugins for Editor in 0.00 ms.
Unloading 5451 Unused Serialized files (Serialized files now loaded: 0)
Unloading 56 unused Assets / (1.9 MB). Loaded Objects now: 6616.
Memory consumption went from 245.4 MB to 243.4 MB.
Total: 7.511500 ms (FindLiveObjects: 0.678500 ms CreateObjectMapping: 0.527500 ms MarkObjects: 5.585200 ms  DeleteObjects: 0.718700 ms)

AssetImportParameters requested are different than current active one (requested -> active):
  custom:video-decoder-ogg-theora: a1e56fd34408186e4bbccfd4996cb3dc -> 
  custom:container-muxer-webm: aa71ff27fc2769a1b78a27578f13a17b -> 
  custom:container-demuxer-webm: 4f35f7cbe854078d1ac9338744f61a02 -> 
  custom:video-encoder-webm-vp8: eb34c28f22e8b96e1ab97ce403110664 -> 
  custom:audio-encoder-webm-vorbis: bf7c407c2cedff20999df2af8eb42d56 -> 
  custom:framework-win-MediaFoundation: 216162199b28c13a410421893ffa2e32 -> 
  custom:container-demuxer-ogg: 62fdf1f143b41e24485cea50d1cbac27 -> 
  custom:video-decoder-webm-vp8: 9c59270c3fd7afecdb556c50c9e8de78 -> 
  custom:audio-decoder-ogg-vorbis: bf7c407c2cedff20999df2af8eb42d56 -> 
========================================================================
Received Import Request.
  Time since last request: 1849.146377 seconds.
  path: Assets/Travis Game Assets/Hit Impact Effects/Prefabs/Hits/Hit_02.prefab
  artifactKey: Guid(ec3f674830402cc45bce805cf6493db7) Importer(815301076,1909f56bfc062723c751e8b465ee728b)
Start importing Assets/Travis Game Assets/Hit Impact Effects/Prefabs/Hits/Hit_02.prefab using Guid(ec3f674830402cc45bce805cf6493db7) Importer(815301076,1909f56bfc062723c751e8b465ee728b)  -> (artifact id: '60e0a25e17c5fd7224845e427e0ff1df') in 0.509793 seconds 
========================================================================
Received Import Request.
  Time since last request: 5.308486 seconds.
  path: Assets/Travis Game Assets/Hit Impact Effects/Materials/Hits/HIE_Hit_01_PointGlow_01.mat
  artifactKey: Guid(72c7e2cef64f8b849b13451463e10a82) Importer(815301076,1909f56bfc062723c751e8b465ee728b)
Start importing Assets/Travis Game Assets/Hit Impact Effects/Materials/Hits/HIE_Hit_01_PointGlow_01.mat using Guid(72c7e2cef64f8b849b13451463e10a82) Importer(815301076,1909f56bfc062723c751e8b465ee728b)  -> (artifact id: '04782cf2be6d0a3bb7e73ba049836ed6') in 0.047483 seconds 
========================================================================
Received Import Request.
  Time since last request: 0.000064 seconds.
  path: Assets/Travis Game Assets/Hit Impact Effects/Materials/Hits/HIE_Hit_03_Shockwave_2x2_01.mat
  artifactKey: Guid(00c13c49894d46146b27ce3a995d98d4) Importer(815301076,1909f56bfc062723c751e8b465ee728b)
Start importing Assets/Travis Game Assets/Hit Impact Effects/Materials/Hits/HIE_Hit_03_Shockwave_2x2_01.mat using Guid(00c13c49894d46146b27ce3a995d98d4) Importer(815301076,1909f56bfc062723c751e8b465ee728b)  -> (artifact id: 'e113ff3f6dcc75db3fda899fdfcc2338') in 0.021823 seconds 
========================================================================
Received Import Request.
  Time since last request: 0.000059 seconds.
  path: Assets/Travis Game Assets/Hit Impact Effects/Materials/Hits/HIE_Hit_02_TrailGlow_01.mat
  artifactKey: Guid(f3543c936966481499b85c00ff68a1c6) Importer(815301076,1909f56bfc062723c751e8b465ee728b)
Start importing Assets/Travis Game Assets/Hit Impact Effects/Materials/Hits/HIE_Hit_02_TrailGlow_01.mat using Guid(f3543c936966481499b85c00ff68a1c6) Importer(815301076,1909f56bfc062723c751e8b465ee728b)  -> (artifact id: '01557eaa0aba1aa9b51a673dc8c86dfc') in 0.022340 seconds 
========================================================================
Received Import Request.
  Time since last request: 0.000044 seconds.
  path: Assets/Travis Game Assets/Hit Impact Effects/Materials/Hits/HIE_Hit_01_Shockwave_2x2_01.mat
  artifactKey: Guid(532579bcfafb59e439b5a4d594a6d7da) Importer(815301076,1909f56bfc062723c751e8b465ee728b)
Start importing Assets/Travis Game Assets/Hit Impact Effects/Materials/Hits/HIE_Hit_01_Shockwave_2x2_01.mat using Guid(532579bcfafb59e439b5a4d594a6d7da) Importer(815301076,1909f56bfc062723c751e8b465ee728b)  -> (artifact id: 'bcacd658076d64dd39e606b7edf7d884') in 0.018949 seconds 
========================================================================
Received Import Request.
  Time since last request: 0.000041 seconds.
  path: Assets/Travis Game Assets/Hit Impact Effects/Materials/Hits/HIE_Hit_04_FlashRays_01.mat
  artifactKey: Guid(0f9a2e6c560af1f42ace29002a4bbea5) Importer(815301076,1909f56bfc062723c751e8b465ee728b)
Start importing Assets/Travis Game Assets/Hit Impact Effects/Materials/Hits/HIE_Hit_04_FlashRays_01.mat using Guid(0f9a2e6c560af1f42ace29002a4bbea5) Importer(815301076,1909f56bfc062723c751e8b465ee728b)  -> (artifact id: '1217a029805f19e4754b15d5cb75de00') in 0.022231 seconds 
========================================================================
Received Import Request.
  Time since last request: 0.000055 seconds.
  path: Assets/Travis Game Assets/Hit Impact Effects/Materials/Hits/HIE_Hit_01_Smoke_01.mat
  artifactKey: Guid(9097f20ba94d8734b8177e657244b84a) Importer(815301076,1909f56bfc062723c751e8b465ee728b)
Start importing Assets/Travis Game Assets/Hit Impact Effects/Materials/Hits/HIE_Hit_01_Smoke_01.mat using Guid(9097f20ba94d8734b8177e657244b84a) Importer(815301076,1909f56bfc062723c751e8b465ee728b)  -> (artifact id: '1db74409255bc07b54ef6457963414f7') in 0.018450 seconds 
========================================================================
Received Import Request.
  Time since last request: 0.000060 seconds.
  path: Assets/Travis Game Assets/Hit Impact Effects/Materials/Hits/HIE_Hit_03_Flash_2x2_01.mat
  artifactKey: Guid(caa5d03f2c3027148b70f4e303fbfb33) Importer(815301076,1909f56bfc062723c751e8b465ee728b)
Start importing Assets/Travis Game Assets/Hit Impact Effects/Materials/Hits/HIE_Hit_03_Flash_2x2_01.mat using Guid(caa5d03f2c3027148b70f4e303fbfb33) Importer(815301076,1909f56bfc062723c751e8b465ee728b)  -> (artifact id: '243666ca79633aa109ef1e8ec9c7f57e') in 0.020821 seconds 
========================================================================
Received Import Request.
  Time since last request: 0.000200 seconds.
  path: Assets/Travis Game Assets/Hit Impact Effects/Materials/Hits/HIE_Hit_04_PointGlow_01.mat
  artifactKey: Guid(c787c5412f5eec24fa01e0c3b2105ea6) Importer(815301076,1909f56bfc062723c751e8b465ee728b)
Start importing Assets/Travis Game Assets/Hit Impact Effects/Materials/Hits/HIE_Hit_04_PointGlow_01.mat using Guid(c787c5412f5eec24fa01e0c3b2105ea6) Importer(815301076,1909f56bfc062723c751e8b465ee728b)  -> (artifact id: '91772026becb7ec7792027c9f0afa0af') in 0.018219 seconds 
Editor requested this worker to shutdown with reason: Scaling down because of idle timeout
AssetImportWorker is now disconnected from the server
Process exiting
Exiting without the bug reporter. Application will terminate with return code 0