Using pre-set license
Built from '2021.3/staging' branch; Version is '2021.3.21f1 (1b156197d683) revision 1774945'; Using compiler version '192829333'; Build Type 'Release'
OS: 'Windows 11  (10.0.22621) 64bit Core' Language: 'pt' Physical Memory: 16221 MB
BatchMode: 1, IsHumanControllingUs: 0, StartBugReporterOnCrash: 0, Is64bit: 1, IsPro: 1

COMMAND LINE ARGUMENTS:
C:\Program Files\Unity\Hub\Editor\2021.3.21f1\Editor\Unity.exe
-adb2
-batchMode
-noUpm
-name
AssetImportWorker2
-projectPath
C:/Users/marta/Documents/GitHub/SchoolGame/SchoolGame
-logFile
Logs/AssetImportWorker2.log
-srvPort
57876
Successfully changed project path to: C:/Users/marta/Documents/GitHub/SchoolGame/SchoolGame
C:/Users/marta/Documents/GitHub/SchoolGame/SchoolGame
[UnityMemory] Configuration Parameters - Can be set up in boot.config
    "memorysetup-bucket-allocator-granularity=16"
    "memorysetup-bucket-allocator-bucket-count=8"
    "memorysetup-bucket-allocator-block-size=33554432"
    "memorysetup-bucket-allocator-block-count=8"
    "memorysetup-main-allocator-block-size=16777216"
    "memorysetup-thread-allocator-block-size=16777216"
    "memorysetup-gfx-main-allocator-block-size=16777216"
    "memorysetup-gfx-thread-allocator-block-size=16777216"
    "memorysetup-cache-allocator-block-size=4194304"
    "memorysetup-typetree-allocator-block-size=2097152"
    "memorysetup-profiler-bucket-allocator-granularity=16"
    "memorysetup-profiler-bucket-allocator-bucket-count=8"
    "memorysetup-profiler-bucket-allocator-block-size=33554432"
    "memorysetup-profiler-bucket-allocator-block-count=8"
    "memorysetup-profiler-allocator-block-size=16777216"
    "memorysetup-profiler-editor-allocator-block-size=1048576"
    "memorysetup-temp-allocator-size-main=16777216"
    "memorysetup-job-temp-allocator-block-size=2097152"
    "memorysetup-job-temp-allocator-block-size-background=1048576"
    "memorysetup-job-temp-allocator-reduction-small-platforms=262144"
    "memorysetup-temp-allocator-size-background-worker=32768"
    "memorysetup-temp-allocator-size-job-worker=262144"
    "memorysetup-temp-allocator-size-preload-manager=33554432"
    "memorysetup-temp-allocator-size-nav-mesh-worker=65536"
    "memorysetup-temp-allocator-size-audio-worker=65536"
    "memorysetup-temp-allocator-size-cloud-worker=32768"
    "memorysetup-temp-allocator-size-gi-baking-worker=262144"
    "memorysetup-temp-allocator-size-gfx=262144"
Player connection [7916] Host "[IP] 192.168.1.79 [Port] 0 [Flags] 2 [Guid] 844212461 [EditorId] 844212461 [Version] 1048832 [Id] WindowsEditor(7,LAPTOP-H5F1OK20) [Debug] 1 [PackageName] WindowsEditor [ProjectName] Editor" joined multi-casting on [225.0.0.222:54997]...

Player connection [7916] Host "[IP] 192.168.1.79 [Port] 0 [Flags] 2 [Guid] 844212461 [EditorId] 844212461 [Version] 1048832 [Id] WindowsEditor(7,LAPTOP-H5F1OK20) [Debug] 1 [PackageName] WindowsEditor [ProjectName] Editor" joined alternative multi-casting on [225.0.0.222:34997]...

Refreshing native plugins compatible for Editor in 353.39 ms, found 3 plugins.
Preloading 0 native plugins for Editor in 0.00 ms.
Initialize engine version: 2021.3.21f1 (1b156197d683)
[Subsystems] Discovering subsystems at path C:/Program Files/Unity/Hub/Editor/2021.3.21f1/Editor/Data/Resources/UnitySubsystems
[Subsystems] Discovering subsystems at path C:/Users/marta/Documents/GitHub/SchoolGame/SchoolGame/Assets
GfxDevice: creating device client; threaded=0; jobified=0
Direct3D:
    Version:  Direct3D 11.0 [level 11.1]
    Renderer: NVIDIA GeForce GTX 1650 (ID=0x1f99)
    Vendor:   NVIDIA
    VRAM:     3962 MB
    Driver:   31.0.15.1640
Initialize mono
Mono path[0] = 'C:/Program Files/Unity/Hub/Editor/2021.3.21f1/Editor/Data/Managed'
Mono path[1] = 'C:/Program Files/Unity/Hub/Editor/2021.3.21f1/Editor/Data/MonoBleedingEdge/lib/mono/unityjit-win32'
Mono config path = 'C:/Program Files/Unity/Hub/Editor/2021.3.21f1/Editor/Data/MonoBleedingEdge/etc'
Using monoOptions --debugger-agent=transport=dt_socket,embedding=1,server=y,suspend=n,address=127.0.0.1:56232
Begin MonoManager ReloadAssembly
Registering precompiled unity dll's ...
Register platform support module: C:/Program Files/Unity/Hub/Editor/2021.3.21f1/Editor/Data/PlaybackEngines/WebGLSupport/UnityEditor.WebGL.Extensions.dll
Register platform support module: C:/Program Files/Unity/Hub/Editor/2021.3.21f1/Editor/Data/PlaybackEngines/AndroidPlayer/UnityEditor.Android.Extensions.dll
Register platform support module: C:/Program Files/Unity/Hub/Editor/2021.3.21f1/Editor/Data/PlaybackEngines/iOSSupport/UnityEditor.iOS.Extensions.dll
Register platform support module: C:/Program Files/Unity/Hub/Editor/2021.3.21f1/Editor/Data/PlaybackEngines/WindowsStandaloneSupport/UnityEditor.WindowsStandalone.Extensions.dll
Registered in 0.018999 seconds.
Native extension for WindowsStandalone target not found
[usbmuxd] Start listen thread
[usbmuxd] Listen thread started
Native extension for iOS target not found
Native extension for Android target not found
Android Extension - Scanning For ADB Devices 491 ms
Native extension for WebGL target not found
Refreshing native plugins compatible for Editor in 313.66 ms, found 3 plugins.
Preloading 0 native plugins for Editor in 0.00 ms.
Mono: successfully reloaded assembly
- Completed reload, in  1.865 seconds
Domain Reload Profiling:
	ReloadAssembly (1866ms)
		BeginReloadAssembly (246ms)
			ExecutionOrderSort (0ms)
			DisableScriptedObjects (0ms)
			BackupInstance (0ms)
			ReleaseScriptingObjects (0ms)
			CreateAndSetChildDomain (2ms)
		EndReloadAssembly (1404ms)
			LoadAssemblies (241ms)
			RebuildTransferFunctionScriptingTraits (0ms)
			SetupTypeCache (166ms)
			ReleaseScriptCaches (0ms)
			RebuildScriptCaches (52ms)
			SetupLoadedEditorAssemblies (1123ms)
				LogAssemblyErrors (0ms)
				InitializePlatformSupportModulesInManaged (608ms)
				SetLoadedEditorAssemblies (0ms)
				RefreshPlugins (314ms)
				BeforeProcessingInitializeOnLoad (2ms)
				ProcessInitializeOnLoadAttributes (140ms)
				ProcessInitializeOnLoadMethodAttributes (59ms)
				AfterProcessingInitializeOnLoad (0ms)
				EditorAssembliesLoaded (0ms)
			ExecutionOrderSort2 (0ms)
			AwakeInstancesAfterBackupRestoration (0ms)
Platform modules already initialized, skipping
Registering precompiled user dll's ...
Registered in 0.025496 seconds.
Begin MonoManager ReloadAssembly
Symbol file LoadedFromMemory doesn't match image C:\Users\marta\Documents\GitHub\SchoolGame\SchoolGame\Library\PackageCache\com.unity.visualscripting@1.8.0\Editor\VisualScripting.Core\Dependencies\YamlDotNet\Unity.VisualScripting.YamlDotNet.dll
Symbol file LoadedFromMemory doesn't match image C:\Users\marta\Documents\GitHub\SchoolGame\SchoolGame\Library\PackageCache\com.unity.visualscripting@1.8.0\Editor\VisualScripting.Core\Dependencies\DotNetZip\Unity.VisualScripting.IonicZip.dll
Native extension for WindowsStandalone target not found
Native extension for iOS target not found
Native extension for Android target not found
Native extension for WebGL target not found
Refreshing native plugins compatible for Editor in 154.99 ms, found 3 plugins.
Preloading 0 native plugins for Editor in 0.00 ms.
Mono: successfully reloaded assembly
- Completed reload, in  2.031 seconds
Domain Reload Profiling:
	ReloadAssembly (2033ms)
		BeginReloadAssembly (201ms)
			ExecutionOrderSort (0ms)
			DisableScriptedObjects (5ms)
			BackupInstance (0ms)
			ReleaseScriptingObjects (0ms)
			CreateAndSetChildDomain (25ms)
		EndReloadAssembly (1672ms)
			LoadAssemblies (146ms)
			RebuildTransferFunctionScriptingTraits (0ms)
			SetupTypeCache (487ms)
			ReleaseScriptCaches (1ms)
			RebuildScriptCaches (69ms)
			SetupLoadedEditorAssemblies (898ms)
				LogAssemblyErrors (0ms)
				InitializePlatformSupportModulesInManaged (29ms)
				SetLoadedEditorAssemblies (0ms)
				RefreshPlugins (155ms)
				BeforeProcessingInitializeOnLoad (202ms)
				ProcessInitializeOnLoadAttributes (425ms)
				ProcessInitializeOnLoadMethodAttributes (77ms)
				AfterProcessingInitializeOnLoad (9ms)
				EditorAssembliesLoaded (0ms)
			ExecutionOrderSort2 (0ms)
			AwakeInstancesAfterBackupRestoration (11ms)
Platform modules already initialized, skipping
========================================================================
Worker process is ready to serve import requests
Launched and connected shader compiler UnityShaderCompiler.exe after 0.06 seconds
Refreshing native plugins compatible for Editor in 0.92 ms, found 3 plugins.
Preloading 0 native plugins for Editor in 0.00 ms.
Unloading 5415 Unused Serialized files (Serialized files now loaded: 0)
Unloading 71 unused Assets / (1.2 MB). Loaded Objects now: 5855.
Memory consumption went from 219.3 MB to 218.1 MB.
Total: 5.999800 ms (FindLiveObjects: 0.522400 ms CreateObjectMapping: 0.522200 ms MarkObjects: 4.343900 ms  DeleteObjects: 0.609500 ms)

AssetImportParameters requested are different than current active one (requested -> active):
  custom:video-decoder-ogg-theora: a1e56fd34408186e4bbccfd4996cb3dc -> 
  custom:container-muxer-webm: aa71ff27fc2769a1b78a27578f13a17b -> 
  custom:container-demuxer-webm: 4f35f7cbe854078d1ac9338744f61a02 -> 
  custom:video-encoder-webm-vp8: eb34c28f22e8b96e1ab97ce403110664 -> 
  custom:audio-encoder-webm-vorbis: bf7c407c2cedff20999df2af8eb42d56 -> 
  custom:framework-win-MediaFoundation: 216162199b28c13a410421893ffa2e32 -> 
  custom:container-demuxer-ogg: 62fdf1f143b41e24485cea50d1cbac27 -> 
  custom:video-decoder-webm-vp8: 9c59270c3fd7afecdb556c50c9e8de78 -> 
  custom:audio-decoder-ogg-vorbis: bf7c407c2cedff20999df2af8eb42d56 -> 
========================================================================
Received Import Request.
  Time since last request: 21612.619218 seconds.
  path: Assets/Free Stylized Skybox/ReadMe.txt
  artifactKey: Guid(a86ec5db966ebbe45aba28c70be3c459) Importer(815301076,1909f56bfc062723c751e8b465ee728b)
Start importing Assets/Free Stylized Skybox/ReadMe.txt using Guid(a86ec5db966ebbe45aba28c70be3c459) Importer(815301076,1909f56bfc062723c751e8b465ee728b)  -> (artifact id: '329a5b21dbbfe200fcf999eeda1112c7') in 0.095794 seconds 
========================================================================
Received Import Request.
  Time since last request: 44.471523 seconds.
  path: Assets/Free Stylized Skybox/CubeMap/Materials
  artifactKey: Guid(19743084541fd7f4eb15d11302fbc857) Importer(815301076,1909f56bfc062723c751e8b465ee728b)
Start importing Assets/Free Stylized Skybox/CubeMap/Materials using Guid(19743084541fd7f4eb15d11302fbc857) Importer(815301076,1909f56bfc062723c751e8b465ee728b)  -> (artifact id: 'e3d2180afcba348412796fc13eb3790e') in 0.002452 seconds 
========================================================================
Received Import Request.
  Time since last request: 0.116604 seconds.
  path: Assets/Free Stylized Skybox/CubeMap/Materials/Sky_Anime_03_Day_a.mat
  artifactKey: Guid(55e64e617a8bfff4ba846574e2651eb9) Importer(815301076,1909f56bfc062723c751e8b465ee728b)
Start importing Assets/Free Stylized Skybox/CubeMap/Materials/Sky_Anime_03_Day_a.mat using Guid(55e64e617a8bfff4ba846574e2651eb9) Importer(815301076,1909f56bfc062723c751e8b465ee728b)  -> (artifact id: 'd3f957e551749bf4b56f32b7d7fbc42a') in 1.363380 seconds 
========================================================================
Received Import Request.
  Time since last request: 0.000072 seconds.
  path: Assets/Free Stylized Skybox/CubeMap/Materials/Sky_LowPoly_01_Day_a.mat
  artifactKey: Guid(133347283e115d147a5fcce7f47a538f) Importer(815301076,1909f56bfc062723c751e8b465ee728b)
Start importing Assets/Free Stylized Skybox/CubeMap/Materials/Sky_LowPoly_01_Day_a.mat using Guid(133347283e115d147a5fcce7f47a538f) Importer(815301076,1909f56bfc062723c751e8b465ee728b)  -> (artifact id: '4a1f7f4dce55d42acc36ae280279cdf3') in 0.266159 seconds 
========================================================================
Received Import Request.
  Time since last request: 1.447875 seconds.
  path: Assets/Free Stylized Skybox/CubeMap/Textures/Sky_LowPoly_01_Day_a.png
  artifactKey: Guid(15941f70fce71784da1321794120ea6a) Importer(815301076,1909f56bfc062723c751e8b465ee728b)
Start importing Assets/Free Stylized Skybox/CubeMap/Textures/Sky_LowPoly_01_Day_a.png using Guid(15941f70fce71784da1321794120ea6a) Importer(815301076,1909f56bfc062723c751e8b465ee728b)  -> (artifact id: '13900cd736eaa9bafc988256a3501ef0') in 0.190903 seconds 
========================================================================
Received Import Request.
  Time since last request: 2089.870320 seconds.
  path: Assets/Fantasy Skybox FREE
  artifactKey: Guid(fc96b2335e3740d4e90fdea0ad908e81) Importer(815301076,1909f56bfc062723c751e8b465ee728b)
Start importing Assets/Fantasy Skybox FREE using Guid(fc96b2335e3740d4e90fdea0ad908e81) Importer(815301076,1909f56bfc062723c751e8b465ee728b)  -> (artifact id: '6de85255a20a558349eb98910ba0158b') in 0.002848 seconds 
========================================================================
Received Import Request.
  Time since last request: 2.362476 seconds.
  path: Assets/Fantasy Skybox FREE/Scenes
  artifactKey: Guid(9d20d945c0685494ba906e939e1dd86f) Importer(815301076,1909f56bfc062723c751e8b465ee728b)
Start importing Assets/Fantasy Skybox FREE/Scenes using Guid(9d20d945c0685494ba906e939e1dd86f) Importer(815301076,1909f56bfc062723c751e8b465ee728b)  -> (artifact id: '8f15c03afa9fda8274d761f42661a5f5') in 0.001850 seconds 
========================================================================
Received Import Request.
  Time since last request: 0.045707 seconds.
  path: Assets/Fantasy Skybox FREE/Scenes/Brush_Flower.png
  artifactKey: Guid(0d383f0cd0395064eb4b64619b2840f3) Importer(815301076,1909f56bfc062723c751e8b465ee728b)
Start importing Assets/Fantasy Skybox FREE/Scenes/Brush_Flower.png using Guid(0d383f0cd0395064eb4b64619b2840f3) Importer(815301076,1909f56bfc062723c751e8b465ee728b)  -> (artifact id: '69a342225d22d9db7f43a5450afba569') in 0.043981 seconds 
========================================================================
Received Import Request.
  Time since last request: 0.000054 seconds.
  path: Assets/Fantasy Skybox FREE/Scenes/Texture_Dirt_Normal.png
  artifactKey: Guid(6372a4abc4700ef4aad94d04602e89bf) Importer(815301076,1909f56bfc062723c751e8b465ee728b)
Start importing Assets/Fantasy Skybox FREE/Scenes/Texture_Dirt_Normal.png using Guid(6372a4abc4700ef4aad94d04602e89bf) Importer(815301076,1909f56bfc062723c751e8b465ee728b)  -> (artifact id: '48de8b6b046c2613caa9cff4e5f2ca2a') in 0.026610 seconds 
========================================================================
Received Import Request.
  Time since last request: 0.000064 seconds.
  path: Assets/Fantasy Skybox FREE/Scenes/Texture_Grass_Normal.png
  artifactKey: Guid(69e10fcec9984ba4f839a5693383c57e) Importer(815301076,1909f56bfc062723c751e8b465ee728b)
Start importing Assets/Fantasy Skybox FREE/Scenes/Texture_Grass_Normal.png using Guid(69e10fcec9984ba4f839a5693383c57e) Importer(815301076,1909f56bfc062723c751e8b465ee728b)  -> (artifact id: 'cfb85d3378fadc0b59d92058e7e02e0e') in 0.020339 seconds 
========================================================================
Received Import Request.
  Time since last request: 0.000096 seconds.
  path: Assets/Fantasy Skybox FREE/Scenes/Texture_Grass_Diffuse.png
  artifactKey: Guid(5e1acf362611957488060eee4178b3f3) Importer(815301076,1909f56bfc062723c751e8b465ee728b)
Start importing Assets/Fantasy Skybox FREE/Scenes/Texture_Grass_Diffuse.png using Guid(5e1acf362611957488060eee4178b3f3) Importer(815301076,1909f56bfc062723c751e8b465ee728b)  -> (artifact id: '74775b5ed20e6be3de3e195516f588a5') in 0.024154 seconds 
========================================================================
Received Import Request.
  Time since last request: 0.000047 seconds.
  path: Assets/Fantasy Skybox FREE/Scenes/Texture_Rock_Diffuse.png
  artifactKey: Guid(5749f76eaefd4464d864cb20ae8451aa) Importer(815301076,1909f56bfc062723c751e8b465ee728b)
Start importing Assets/Fantasy Skybox FREE/Scenes/Texture_Rock_Diffuse.png using Guid(5749f76eaefd4464d864cb20ae8451aa) Importer(815301076,1909f56bfc062723c751e8b465ee728b)  -> (artifact id: 'b1acf173cca5de931eac606a87ed5c65') in 0.019985 seconds 
========================================================================
Received Import Request.
  Time since last request: 0.000047 seconds.
  path: Assets/Fantasy Skybox FREE/Scenes/TerrainRock.terrainlayer
  artifactKey: Guid(ca948470117be2143a600fa882a2b77a) Importer(815301076,1909f56bfc062723c751e8b465ee728b)
Start importing Assets/Fantasy Skybox FREE/Scenes/TerrainRock.terrainlayer using Guid(ca948470117be2143a600fa882a2b77a) Importer(815301076,1909f56bfc062723c751e8b465ee728b)  -> (artifact id: 'a2b5bb09865d1114c3e9e734a46ca37f') in 0.061635 seconds 
========================================================================
Received Import Request.
  Time since last request: 0.000066 seconds.
  path: Assets/Fantasy Skybox FREE/Scenes/TerrainDirt.terrainlayer
  artifactKey: Guid(d62e27a62f70e074eba77bbd9259e732) Importer(815301076,1909f56bfc062723c751e8b465ee728b)
Start importing Assets/Fantasy Skybox FREE/Scenes/TerrainDirt.terrainlayer using Guid(d62e27a62f70e074eba77bbd9259e732) Importer(815301076,1909f56bfc062723c751e8b465ee728b)  -> (artifact id: '82e709d2c51011969b8fb45ede17e743') in 0.024011 seconds 
========================================================================
Received Import Request.
  Time since last request: 0.000040 seconds.
  path: Assets/Fantasy Skybox FREE/Scenes/Texure_Rock_Normal.png
  artifactKey: Guid(758b1fc63752a1e44957111d5af9b00c) Importer(815301076,1909f56bfc062723c751e8b465ee728b)
Start importing Assets/Fantasy Skybox FREE/Scenes/Texure_Rock_Normal.png using Guid(758b1fc63752a1e44957111d5af9b00c) Importer(815301076,1909f56bfc062723c751e8b465ee728b)  -> (artifact id: '8747fd4e73c82c93cb7a8e7e3d95dfea') in 0.019168 seconds 
========================================================================
Received Import Request.
  Time since last request: 0.000059 seconds.
  path: Assets/Fantasy Skybox FREE/Scenes/TerrainGrass.terrainlayer
  artifactKey: Guid(adb6478a7f24de14eb356d6dc3d0c502) Importer(815301076,1909f56bfc062723c751e8b465ee728b)
Start importing Assets/Fantasy Skybox FREE/Scenes/TerrainGrass.terrainlayer using Guid(adb6478a7f24de14eb356d6dc3d0c502) Importer(815301076,1909f56bfc062723c751e8b465ee728b)  -> (artifact id: '11190da631fcdf4497ddae42c5c8efb5') in 0.019828 seconds 
========================================================================
Received Import Request.
  Time since last request: 0.000062 seconds.
  path: Assets/Fantasy Skybox FREE/Scenes/Texture_Dirt_Diffuse.png
  artifactKey: Guid(37d1938c74868484ea08b34225eb73b7) Importer(815301076,1909f56bfc062723c751e8b465ee728b)
Start importing Assets/Fantasy Skybox FREE/Scenes/Texture_Dirt_Diffuse.png using Guid(37d1938c74868484ea08b34225eb73b7) Importer(815301076,1909f56bfc062723c751e8b465ee728b)  -> (artifact id: '17907c8280f56fb98b031d7460b3561d') in 0.019185 seconds 
========================================================================
Received Import Request.
  Time since last request: 2.977609 seconds.
  path: Assets/Fantasy Skybox FREE/Scenes/Demo with terrain.unity
  artifactKey: Guid(594da9eac4a488a479b252ff922516d9) Importer(815301076,1909f56bfc062723c751e8b465ee728b)
Start importing Assets/Fantasy Skybox FREE/Scenes/Demo with terrain.unity using Guid(594da9eac4a488a479b252ff922516d9) Importer(815301076,1909f56bfc062723c751e8b465ee728b)  -> (artifact id: 'c5bed1b7f69ee3578789e6d30e0de60d') in 0.003223 seconds 
========================================================================
Received Import Request.
  Time since last request: 1.908054 seconds.
  path: Assets/Fantasy Skybox FREE/Scenes/Demo without test terrain.unity
  artifactKey: Guid(12c6f44bbd4eef541a925ea029b57f07) Importer(815301076,1909f56bfc062723c751e8b465ee728b)
Start importing Assets/Fantasy Skybox FREE/Scenes/Demo without test terrain.unity using Guid(12c6f44bbd4eef541a925ea029b57f07) Importer(815301076,1909f56bfc062723c751e8b465ee728b)  -> (artifact id: '8ad7852cb6416f99a29f33a96a8df516') in 0.002465 seconds 
