Using pre-set license
Built from '2021.3/staging' branch; Version is '2021.3.21f1 (1b156197d683) revision 1774945'; Using compiler version '192829333'; Build Type 'Release'
OS: 'Windows 11  (10.0.22621) 64bit Core' Language: 'pt' Physical Memory: 16221 MB
BatchMode: 1, IsHumanControllingUs: 0, StartBugReporterOnCrash: 0, Is64bit: 1, IsPro: 1

COMMAND LINE ARGUMENTS:
C:\Program Files\Unity\Hub\Editor\2021.3.21f1\Editor\Unity.exe
-adb2
-batchMode
-noUpm
-name
AssetImportWorker3
-projectPath
C:/Users/marta/Documents/GitHub/SchoolGame/SchoolGame
-logFile
Logs/AssetImportWorker3.log
-srvPort
50243
Successfully changed project path to: C:/Users/marta/Documents/GitHub/SchoolGame/SchoolGame
C:/Users/marta/Documents/GitHub/SchoolGame/SchoolGame
[UnityMemory] Configuration Parameters - Can be set up in boot.config
    "memorysetup-bucket-allocator-granularity=16"
    "memorysetup-bucket-allocator-bucket-count=8"
    "memorysetup-bucket-allocator-block-size=33554432"
    "memorysetup-bucket-allocator-block-count=8"
    "memorysetup-main-allocator-block-size=16777216"
    "memorysetup-thread-allocator-block-size=16777216"
    "memorysetup-gfx-main-allocator-block-size=16777216"
    "memorysetup-gfx-thread-allocator-block-size=16777216"
    "memorysetup-cache-allocator-block-size=4194304"
    "memorysetup-typetree-allocator-block-size=2097152"
    "memorysetup-profiler-bucket-allocator-granularity=16"
    "memorysetup-profiler-bucket-allocator-bucket-count=8"
    "memorysetup-profiler-bucket-allocator-block-size=33554432"
    "memorysetup-profiler-bucket-allocator-block-count=8"
    "memorysetup-profiler-allocator-block-size=16777216"
    "memorysetup-profiler-editor-allocator-block-size=1048576"
    "memorysetup-temp-allocator-size-main=16777216"
    "memorysetup-job-temp-allocator-block-size=2097152"
    "memorysetup-job-temp-allocator-block-size-background=1048576"
    "memorysetup-job-temp-allocator-reduction-small-platforms=262144"
    "memorysetup-temp-allocator-size-background-worker=32768"
    "memorysetup-temp-allocator-size-job-worker=262144"
    "memorysetup-temp-allocator-size-preload-manager=33554432"
    "memorysetup-temp-allocator-size-nav-mesh-worker=65536"
    "memorysetup-temp-allocator-size-audio-worker=65536"
    "memorysetup-temp-allocator-size-cloud-worker=32768"
    "memorysetup-temp-allocator-size-gi-baking-worker=262144"
    "memorysetup-temp-allocator-size-gfx=262144"
Player connection [7032] Host "[IP] 192.168.1.79 [Port] 0 [Flags] 2 [Guid] 3468948188 [EditorId] 3468948188 [Version] 1048832 [Id] WindowsEditor(7,LAPTOP-H5F1OK20) [Debug] 1 [PackageName] WindowsEditor [ProjectName] Editor" joined multi-casting on [225.0.0.222:54997]...

Player connection [7032] Host "[IP] 192.168.1.79 [Port] 0 [Flags] 2 [Guid] 3468948188 [EditorId] 3468948188 [Version] 1048832 [Id] WindowsEditor(7,LAPTOP-H5F1OK20) [Debug] 1 [PackageName] WindowsEditor [ProjectName] Editor" joined alternative multi-casting on [225.0.0.222:34997]...

Refreshing native plugins compatible for Editor in 283.79 ms, found 3 plugins.
Preloading 0 native plugins for Editor in 0.00 ms.
Initialize engine version: 2021.3.21f1 (1b156197d683)
[Subsystems] Discovering subsystems at path C:/Program Files/Unity/Hub/Editor/2021.3.21f1/Editor/Data/Resources/UnitySubsystems
[Subsystems] Discovering subsystems at path C:/Users/marta/Documents/GitHub/SchoolGame/SchoolGame/Assets
GfxDevice: creating device client; threaded=0; jobified=0
Direct3D:
    Version:  Direct3D 11.0 [level 11.1]
    Renderer: NVIDIA GeForce GTX 1650 (ID=0x1f99)
    Vendor:   NVIDIA
    VRAM:     3962 MB
    Driver:   31.0.15.1640
Initialize mono
Mono path[0] = 'C:/Program Files/Unity/Hub/Editor/2021.3.21f1/Editor/Data/Managed'
Mono path[1] = 'C:/Program Files/Unity/Hub/Editor/2021.3.21f1/Editor/Data/MonoBleedingEdge/lib/mono/unityjit-win32'
Mono config path = 'C:/Program Files/Unity/Hub/Editor/2021.3.21f1/Editor/Data/MonoBleedingEdge/etc'
Using monoOptions --debugger-agent=transport=dt_socket,embedding=1,server=y,suspend=n,address=127.0.0.1:56520
Begin MonoManager ReloadAssembly
Registering precompiled unity dll's ...
Register platform support module: C:/Program Files/Unity/Hub/Editor/2021.3.21f1/Editor/Data/PlaybackEngines/WebGLSupport/UnityEditor.WebGL.Extensions.dll
Register platform support module: C:/Program Files/Unity/Hub/Editor/2021.3.21f1/Editor/Data/PlaybackEngines/AndroidPlayer/UnityEditor.Android.Extensions.dll
Register platform support module: C:/Program Files/Unity/Hub/Editor/2021.3.21f1/Editor/Data/PlaybackEngines/iOSSupport/UnityEditor.iOS.Extensions.dll
Register platform support module: C:/Program Files/Unity/Hub/Editor/2021.3.21f1/Editor/Data/PlaybackEngines/WindowsStandaloneSupport/UnityEditor.WindowsStandalone.Extensions.dll
Registered in 0.008053 seconds.
Native extension for WindowsStandalone target not found
[usbmuxd] Start listen thread
[usbmuxd] Listen thread started
Native extension for iOS target not found
Native extension for Android target not found
Android Extension - Scanning For ADB Devices 645 ms
Native extension for WebGL target not found
Refreshing native plugins compatible for Editor in 163.20 ms, found 3 plugins.
Preloading 0 native plugins for Editor in 0.00 ms.
Mono: successfully reloaded assembly
- Completed reload, in  1.692 seconds
Domain Reload Profiling:
	ReloadAssembly (1693ms)
		BeginReloadAssembly (115ms)
			ExecutionOrderSort (0ms)
			DisableScriptedObjects (0ms)
			BackupInstance (0ms)
			ReleaseScriptingObjects (0ms)
			CreateAndSetChildDomain (1ms)
		EndReloadAssembly (1449ms)
			LoadAssemblies (112ms)
			RebuildTransferFunctionScriptingTraits (0ms)
			SetupTypeCache (186ms)
			ReleaseScriptCaches (0ms)
			RebuildScriptCaches (38ms)
			SetupLoadedEditorAssemblies (1153ms)
				LogAssemblyErrors (0ms)
				InitializePlatformSupportModulesInManaged (821ms)
				SetLoadedEditorAssemblies (0ms)
				RefreshPlugins (163ms)
				BeforeProcessingInitializeOnLoad (1ms)
				ProcessInitializeOnLoadAttributes (118ms)
				ProcessInitializeOnLoadMethodAttributes (49ms)
				AfterProcessingInitializeOnLoad (0ms)
				EditorAssembliesLoaded (0ms)
			ExecutionOrderSort2 (0ms)
			AwakeInstancesAfterBackupRestoration (0ms)
Platform modules already initialized, skipping
Registering precompiled user dll's ...
Registered in 0.016295 seconds.
Begin MonoManager ReloadAssembly
Symbol file LoadedFromMemory doesn't match image C:\Users\marta\Documents\GitHub\SchoolGame\SchoolGame\Library\PackageCache\com.unity.visualscripting@1.8.0\Editor\VisualScripting.Core\Dependencies\YamlDotNet\Unity.VisualScripting.YamlDotNet.dll
Symbol file LoadedFromMemory doesn't match image C:\Users\marta\Documents\GitHub\SchoolGame\SchoolGame\Library\PackageCache\com.unity.visualscripting@1.8.0\Editor\VisualScripting.Core\Dependencies\DotNetZip\Unity.VisualScripting.IonicZip.dll
Native extension for WindowsStandalone target not found
Native extension for iOS target not found
Native extension for Android target not found
Native extension for WebGL target not found
Refreshing native plugins compatible for Editor in 168.89 ms, found 3 plugins.
Preloading 0 native plugins for Editor in 0.00 ms.
Mono: successfully reloaded assembly
- Completed reload, in  2.173 seconds
Domain Reload Profiling:
	ReloadAssembly (2174ms)
		BeginReloadAssembly (156ms)
			ExecutionOrderSort (0ms)
			DisableScriptedObjects (9ms)
			BackupInstance (0ms)
			ReleaseScriptingObjects (0ms)
			CreateAndSetChildDomain (29ms)
		EndReloadAssembly (1885ms)
			LoadAssemblies (136ms)
			RebuildTransferFunctionScriptingTraits (0ms)
			SetupTypeCache (591ms)
			ReleaseScriptCaches (1ms)
			RebuildScriptCaches (88ms)
			SetupLoadedEditorAssemblies (998ms)
				LogAssemblyErrors (0ms)
				InitializePlatformSupportModulesInManaged (33ms)
				SetLoadedEditorAssemblies (0ms)
				RefreshPlugins (169ms)
				BeforeProcessingInitializeOnLoad (191ms)
				ProcessInitializeOnLoadAttributes (503ms)
				ProcessInitializeOnLoadMethodAttributes (93ms)
				AfterProcessingInitializeOnLoad (9ms)
				EditorAssembliesLoaded (0ms)
			ExecutionOrderSort2 (0ms)
			AwakeInstancesAfterBackupRestoration (12ms)
Platform modules already initialized, skipping
========================================================================
Worker process is ready to serve import requests
Launched and connected shader compiler UnityShaderCompiler.exe after 0.09 seconds
Refreshing native plugins compatible for Editor in 1.42 ms, found 3 plugins.
Preloading 0 native plugins for Editor in 0.00 ms.
Unloading 5418 Unused Serialized files (Serialized files now loaded: 0)
Unloading 67 unused Assets / (0.8 MB). Loaded Objects now: 5877.
Memory consumption went from 232.2 MB to 231.4 MB.
Total: 5.508600 ms (FindLiveObjects: 0.526600 ms CreateObjectMapping: 0.454000 ms MarkObjects: 4.140400 ms  DeleteObjects: 0.386400 ms)

AssetImportParameters requested are different than current active one (requested -> active):
  custom:video-decoder-ogg-theora: a1e56fd34408186e4bbccfd4996cb3dc -> 
  custom:container-muxer-webm: aa71ff27fc2769a1b78a27578f13a17b -> 
  custom:container-demuxer-webm: 4f35f7cbe854078d1ac9338744f61a02 -> 
  custom:video-encoder-webm-vp8: eb34c28f22e8b96e1ab97ce403110664 -> 
  custom:audio-encoder-webm-vorbis: bf7c407c2cedff20999df2af8eb42d56 -> 
  custom:framework-win-MediaFoundation: 216162199b28c13a410421893ffa2e32 -> 
  custom:container-demuxer-ogg: 62fdf1f143b41e24485cea50d1cbac27 -> 
  custom:video-decoder-webm-vp8: 9c59270c3fd7afecdb556c50c9e8de78 -> 
  custom:audio-decoder-ogg-vorbis: bf7c407c2cedff20999df2af8eb42d56 -> 
========================================================================
Received Import Request.
  Time since last request: 5210.114506 seconds.
  path: Assets/Stylized Texture Pack/Stylized Texture Pack 2k .png/Wood_Surface_01/Wood_Planks_basecolor.png
  artifactKey: Guid(42c14f4a77c64c845b5f83ab3db6d030) Importer(815301076,1909f56bfc062723c751e8b465ee728b)
Start importing Assets/Stylized Texture Pack/Stylized Texture Pack 2k .png/Wood_Surface_01/Wood_Planks_basecolor.png using Guid(42c14f4a77c64c845b5f83ab3db6d030) Importer(815301076,1909f56bfc062723c751e8b465ee728b)  -> (artifact id: '0b777fc672b2cf3d81ac80a5d08952c6') in 0.211791 seconds 
========================================================================
Received Import Request.
  Time since last request: 346.753609 seconds.
  path: Assets/Ultra 4K Brick & Wood Texture Pack [FREE]/Materials/BrickWalls/BrickWall_2_mat.mat
  artifactKey: Guid(62c680a2fa2633c43bea05123469488f) Importer(815301076,1909f56bfc062723c751e8b465ee728b)
Start importing Assets/Ultra 4K Brick & Wood Texture Pack [FREE]/Materials/BrickWalls/BrickWall_2_mat.mat using Guid(62c680a2fa2633c43bea05123469488f) Importer(815301076,1909f56bfc062723c751e8b465ee728b)  -> (artifact id: '53b57e9f8030d1b53b74b20328ea0d5b') in 0.467601 seconds 
========================================================================
Received Import Request.
  Time since last request: 9.253482 seconds.
  path: Assets/Ultra 4K Brick & Wood Texture Pack [FREE]/Materials/BrickWalls/BrickWall_3_mat.mat
  artifactKey: Guid(15c8b6fe0fcddb34299e4650c460b41b) Importer(815301076,1909f56bfc062723c751e8b465ee728b)
Start importing Assets/Ultra 4K Brick & Wood Texture Pack [FREE]/Materials/BrickWalls/BrickWall_3_mat.mat using Guid(15c8b6fe0fcddb34299e4650c460b41b) Importer(815301076,1909f56bfc062723c751e8b465ee728b)  -> (artifact id: 'ccbaed786a2e0fd043ec5494c7f25c8f') in 0.024616 seconds 
========================================================================
Received Import Request.
  Time since last request: 0.000056 seconds.
  path: Assets/Ultra 4K Brick & Wood Texture Pack [FREE]/Materials/BrickWalls/BrickWall_4_mat.mat
  artifactKey: Guid(f45ea82bde94f2c498c7d32d1081ae4d) Importer(815301076,1909f56bfc062723c751e8b465ee728b)
Start importing Assets/Ultra 4K Brick & Wood Texture Pack [FREE]/Materials/BrickWalls/BrickWall_4_mat.mat using Guid(f45ea82bde94f2c498c7d32d1081ae4d) Importer(815301076,1909f56bfc062723c751e8b465ee728b)  -> (artifact id: 'e9bdf1ebbaffb680e7971e047ea37340') in 0.049541 seconds 
========================================================================
Received Import Request.
  Time since last request: 4.859927 seconds.
  path: Assets/Ultra 4K Brick & Wood Texture Pack [FREE]/Materials/WoodFloors/WoodFloor_3_mat.mat
  artifactKey: Guid(db70f84b90f9fcb40ab8337081b62d81) Importer(815301076,1909f56bfc062723c751e8b465ee728b)
Start importing Assets/Ultra 4K Brick & Wood Texture Pack [FREE]/Materials/WoodFloors/WoodFloor_3_mat.mat using Guid(db70f84b90f9fcb40ab8337081b62d81) Importer(815301076,1909f56bfc062723c751e8b465ee728b)  -> (artifact id: 'e3ecb97dc35da3b8e5f812cb47458265') in 0.013613 seconds 
========================================================================
Received Prepare
Registering precompiled user dll's ...
Registered in 0.047025 seconds.
Begin MonoManager ReloadAssembly
Symbol file LoadedFromMemory doesn't match image C:\Users\marta\Documents\GitHub\SchoolGame\SchoolGame\Library\PackageCache\com.unity.visualscripting@1.8.0\Editor\VisualScripting.Core\Dependencies\YamlDotNet\Unity.VisualScripting.YamlDotNet.dll
Symbol file LoadedFromMemory doesn't match image C:\Users\marta\Documents\GitHub\SchoolGame\SchoolGame\Library\PackageCache\com.unity.visualscripting@1.8.0\Editor\VisualScripting.Core\Dependencies\DotNetZip\Unity.VisualScripting.IonicZip.dll
Native extension for WindowsStandalone target not found
Native extension for iOS target not found
Native extension for Android target not found
Native extension for WebGL target not found
Refreshing native plugins compatible for Editor in 1.42 ms, found 3 plugins.
Preloading 0 native plugins for Editor in 0.00 ms.
Mono: successfully reloaded assembly
- Completed reload, in  2.739 seconds
Domain Reload Profiling:
	ReloadAssembly (2740ms)
		BeginReloadAssembly (248ms)
			ExecutionOrderSort (0ms)
			DisableScriptedObjects (11ms)
			BackupInstance (0ms)
			ReleaseScriptingObjects (0ms)
			CreateAndSetChildDomain (80ms)
		EndReloadAssembly (2293ms)
			LoadAssemblies (165ms)
			RebuildTransferFunctionScriptingTraits (0ms)
			SetupTypeCache (727ms)
			ReleaseScriptCaches (2ms)
			RebuildScriptCaches (94ms)
			SetupLoadedEditorAssemblies (1073ms)
				LogAssemblyErrors (0ms)
				InitializePlatformSupportModulesInManaged (39ms)
				SetLoadedEditorAssemblies (1ms)
				RefreshPlugins (2ms)
				BeforeProcessingInitializeOnLoad (216ms)
				ProcessInitializeOnLoadAttributes (643ms)
				ProcessInitializeOnLoadMethodAttributes (159ms)
				AfterProcessingInitializeOnLoad (14ms)
				EditorAssembliesLoaded (0ms)
			ExecutionOrderSort2 (0ms)
			AwakeInstancesAfterBackupRestoration (32ms)
Platform modules already initialized, skipping
Refreshing native plugins compatible for Editor in 11.85 ms, found 3 plugins.
Preloading 0 native plugins for Editor in 0.00 ms.
Unloading 5304 Unused Serialized files (Serialized files now loaded: 0)
Unloading 45 unused Assets / (0.8 MB). Loaded Objects now: 5981.
Memory consumption went from 232.7 MB to 231.9 MB.
Total: 12.075500 ms (FindLiveObjects: 1.703900 ms CreateObjectMapping: 0.782800 ms MarkObjects: 8.664900 ms  DeleteObjects: 0.921000 ms)

AssetImportParameters requested are different than current active one (requested -> active):
  custom:video-decoder-ogg-theora: a1e56fd34408186e4bbccfd4996cb3dc -> 
  custom:container-muxer-webm: aa71ff27fc2769a1b78a27578f13a17b -> 
  custom:container-demuxer-webm: 4f35f7cbe854078d1ac9338744f61a02 -> 
  custom:video-encoder-webm-vp8: eb34c28f22e8b96e1ab97ce403110664 -> 
  custom:audio-encoder-webm-vorbis: bf7c407c2cedff20999df2af8eb42d56 -> 
  custom:framework-win-MediaFoundation: 216162199b28c13a410421893ffa2e32 -> 
  custom:container-demuxer-ogg: 62fdf1f143b41e24485cea50d1cbac27 -> 
  custom:video-decoder-webm-vp8: 9c59270c3fd7afecdb556c50c9e8de78 -> 
  custom:audio-decoder-ogg-vorbis: bf7c407c2cedff20999df2af8eb42d56 -> 
========================================================================
Received Import Request.
  Time since last request: 199.131469 seconds.
  path: Assets/One-Click_Wall_Materials/Materials/Wall2.mat
  artifactKey: Guid(51a4a99f799f4fb4ba44393804925f9a) Importer(815301076,1909f56bfc062723c751e8b465ee728b)
Start importing Assets/One-Click_Wall_Materials/Materials/Wall2.mat using Guid(51a4a99f799f4fb4ba44393804925f9a) Importer(815301076,1909f56bfc062723c751e8b465ee728b)  -> (artifact id: '776d18807b712e471dfe589c8ac98364') in 0.611425 seconds 
========================================================================
Received Import Request.
  Time since last request: 0.000048 seconds.
  path: Assets/One-Click_Wall_Materials/Materials/Wall4.mat
  artifactKey: Guid(ab9214475a32a984696c642044fc1cb1) Importer(815301076,1909f56bfc062723c751e8b465ee728b)
Start importing Assets/One-Click_Wall_Materials/Materials/Wall4.mat using Guid(ab9214475a32a984696c642044fc1cb1) Importer(815301076,1909f56bfc062723c751e8b465ee728b)  -> (artifact id: 'f4dee9cfa60a7b371d759ac1d0f8c026') in 0.028619 seconds 
========================================================================
Received Import Request.
  Time since last request: 0.000073 seconds.
  path: Assets/One-Click_Wall_Materials/Materials/Wall13.mat
  artifactKey: Guid(5b9998dde5f35bc47b4b267fdb791f31) Importer(815301076,1909f56bfc062723c751e8b465ee728b)
Start importing Assets/One-Click_Wall_Materials/Materials/Wall13.mat using Guid(5b9998dde5f35bc47b4b267fdb791f31) Importer(815301076,1909f56bfc062723c751e8b465ee728b)  -> (artifact id: 'aa37d98b2542fe2302f1c52f46df4eea') in 0.027031 seconds 
========================================================================
Received Import Request.
  Time since last request: 0.000164 seconds.
  path: Assets/One-Click_Wall_Materials/Materials/Wall17.mat
  artifactKey: Guid(6d0778b04b1a87c4cbcddf0eec862293) Importer(815301076,1909f56bfc062723c751e8b465ee728b)
Start importing Assets/One-Click_Wall_Materials/Materials/Wall17.mat using Guid(6d0778b04b1a87c4cbcddf0eec862293) Importer(815301076,1909f56bfc062723c751e8b465ee728b)  -> (artifact id: '4b5ddec2059276df0e0a2fadeec2e05b') in 0.032352 seconds 
========================================================================
Received Import Request.
  Time since last request: 0.000045 seconds.
  path: Assets/One-Click_Wall_Materials/Materials/Wall6.mat
  artifactKey: Guid(b6666f088414f3f4195babdd7be6ffe1) Importer(815301076,1909f56bfc062723c751e8b465ee728b)
Start importing Assets/One-Click_Wall_Materials/Materials/Wall6.mat using Guid(b6666f088414f3f4195babdd7be6ffe1) Importer(815301076,1909f56bfc062723c751e8b465ee728b)  -> (artifact id: '6c4b56a883d6ddbc4f7cde833c685790') in 0.029695 seconds 
========================================================================
Received Import Request.
  Time since last request: 0.000053 seconds.
  path: Assets/One-Click_Wall_Materials/Materials/Wall9.mat
  artifactKey: Guid(dbe99846b6505b641b7a6f1da4c576e6) Importer(815301076,1909f56bfc062723c751e8b465ee728b)
Start importing Assets/One-Click_Wall_Materials/Materials/Wall9.mat using Guid(dbe99846b6505b641b7a6f1da4c576e6) Importer(815301076,1909f56bfc062723c751e8b465ee728b)  -> (artifact id: '1a0f47d325a7ba18f00cb3446678716d') in 0.029704 seconds 
========================================================================
Received Import Request.
  Time since last request: 0.000072 seconds.
  path: Assets/One-Click_Wall_Materials/Materials/Wall7.mat
  artifactKey: Guid(f678d2ce48be4e54395b8d6d130be5c0) Importer(815301076,1909f56bfc062723c751e8b465ee728b)
Start importing Assets/One-Click_Wall_Materials/Materials/Wall7.mat using Guid(f678d2ce48be4e54395b8d6d130be5c0) Importer(815301076,1909f56bfc062723c751e8b465ee728b)  -> (artifact id: 'c9ee2423fe7a186feb26f8d016a89fc2') in 0.032490 seconds 
========================================================================
Received Import Request.
  Time since last request: 0.000064 seconds.
  path: Assets/One-Click_Wall_Materials/Materials/Wall3.mat
  artifactKey: Guid(c5cc8d05abfead941a418ea40febb57b) Importer(815301076,1909f56bfc062723c751e8b465ee728b)
Start importing Assets/One-Click_Wall_Materials/Materials/Wall3.mat using Guid(c5cc8d05abfead941a418ea40febb57b) Importer(815301076,1909f56bfc062723c751e8b465ee728b)  -> (artifact id: '6667a035244d89c1e8658d8e9173b1b7') in 0.022062 seconds 
========================================================================
Received Import Request.
  Time since last request: 0.000040 seconds.
  path: Assets/One-Click_Wall_Materials/Materials/Wall11.mat
  artifactKey: Guid(4b87b30e848a7f3478daf32a489f324a) Importer(815301076,1909f56bfc062723c751e8b465ee728b)
Start importing Assets/One-Click_Wall_Materials/Materials/Wall11.mat using Guid(4b87b30e848a7f3478daf32a489f324a) Importer(815301076,1909f56bfc062723c751e8b465ee728b)  -> (artifact id: 'cf495802ff26d73a2ae2c2fbc782a544') in 0.048762 seconds 
========================================================================
Received Import Request.
  Time since last request: 14.140225 seconds.
  path: Assets/One-Click_Wall_Materials/Materials/Wall2.mat
  artifactKey: Guid(51a4a99f799f4fb4ba44393804925f9a) Importer(815301076,1909f56bfc062723c751e8b465ee728b)
Start importing Assets/One-Click_Wall_Materials/Materials/Wall2.mat using Guid(51a4a99f799f4fb4ba44393804925f9a) Importer(815301076,1909f56bfc062723c751e8b465ee728b)  -> (artifact id: '45fc39f3ac0b37e7bd5cf58ff7f605d4') in 0.087712 seconds 
========================================================================
Received Import Request.
  Time since last request: 0.000061 seconds.
  path: Assets/One-Click_Wall_Materials/Materials/Wall5.mat
  artifactKey: Guid(0d67ae1caa2c0e94197cb70dcbdc30ba) Importer(815301076,1909f56bfc062723c751e8b465ee728b)
Start importing Assets/One-Click_Wall_Materials/Materials/Wall5.mat using Guid(0d67ae1caa2c0e94197cb70dcbdc30ba) Importer(815301076,1909f56bfc062723c751e8b465ee728b)  -> (artifact id: 'c43ed025b93c665176b7b6118102ab35') in 0.047977 seconds 
========================================================================
Received Import Request.
  Time since last request: 0.000053 seconds.
  path: Assets/One-Click_Wall_Materials/Materials/Wall13.mat
  artifactKey: Guid(5b9998dde5f35bc47b4b267fdb791f31) Importer(815301076,1909f56bfc062723c751e8b465ee728b)
Start importing Assets/One-Click_Wall_Materials/Materials/Wall13.mat using Guid(5b9998dde5f35bc47b4b267fdb791f31) Importer(815301076,1909f56bfc062723c751e8b465ee728b)  -> (artifact id: '09c01e850bf5a651b6d864741fbb4cbc') in 0.028203 seconds 
========================================================================
Received Import Request.
  Time since last request: 0.000073 seconds.
  path: Assets/One-Click_Wall_Materials/Materials/Wall17.mat
  artifactKey: Guid(6d0778b04b1a87c4cbcddf0eec862293) Importer(815301076,1909f56bfc062723c751e8b465ee728b)
Start importing Assets/One-Click_Wall_Materials/Materials/Wall17.mat using Guid(6d0778b04b1a87c4cbcddf0eec862293) Importer(815301076,1909f56bfc062723c751e8b465ee728b)  -> (artifact id: 'cc096f7e285cca1a6462f8e49148f8e8') in 0.032116 seconds 
========================================================================
Received Import Request.
  Time since last request: 0.000081 seconds.
  path: Assets/One-Click_Wall_Materials/Materials/Wall6.mat
  artifactKey: Guid(b6666f088414f3f4195babdd7be6ffe1) Importer(815301076,1909f56bfc062723c751e8b465ee728b)
Start importing Assets/One-Click_Wall_Materials/Materials/Wall6.mat using Guid(b6666f088414f3f4195babdd7be6ffe1) Importer(815301076,1909f56bfc062723c751e8b465ee728b)  -> (artifact id: 'd584e784ad0bdb089b83214c74bf5b98') in 0.029687 seconds 
========================================================================
Received Import Request.
  Time since last request: 0.000049 seconds.
  path: Assets/One-Click_Wall_Materials/Materials/Wall9.mat
  artifactKey: Guid(dbe99846b6505b641b7a6f1da4c576e6) Importer(815301076,1909f56bfc062723c751e8b465ee728b)
Start importing Assets/One-Click_Wall_Materials/Materials/Wall9.mat using Guid(dbe99846b6505b641b7a6f1da4c576e6) Importer(815301076,1909f56bfc062723c751e8b465ee728b)  -> (artifact id: '8a6eba0e224283562b89e688ed3a5fc4') in 0.027755 seconds 
========================================================================
Received Import Request.
  Time since last request: 0.000053 seconds.
  path: Assets/One-Click_Wall_Materials/Materials/Wall7.mat
  artifactKey: Guid(f678d2ce48be4e54395b8d6d130be5c0) Importer(815301076,1909f56bfc062723c751e8b465ee728b)
Start importing Assets/One-Click_Wall_Materials/Materials/Wall7.mat using Guid(f678d2ce48be4e54395b8d6d130be5c0) Importer(815301076,1909f56bfc062723c751e8b465ee728b)  -> (artifact id: 'a3ca48305eed144ebe1e333e320eda77') in 0.032952 seconds 
========================================================================
Received Import Request.
  Time since last request: 0.000047 seconds.
  path: Assets/One-Click_Wall_Materials/Materials/Wall11.mat
  artifactKey: Guid(4b87b30e848a7f3478daf32a489f324a) Importer(815301076,1909f56bfc062723c751e8b465ee728b)
Start importing Assets/One-Click_Wall_Materials/Materials/Wall11.mat using Guid(4b87b30e848a7f3478daf32a489f324a) Importer(815301076,1909f56bfc062723c751e8b465ee728b)  -> (artifact id: '7ab7975831cb97a1eb233bd5d8d52aff') in 0.037161 seconds 
========================================================================
Received Import Request.
  Time since last request: 7.536521 seconds.
  path: Assets/One-Click_Wall_Materials/Textures/grunge1_N.png
  artifactKey: Guid(92c3e414a7193c94cb7ce5e3c2262432) Importer(815301076,1909f56bfc062723c751e8b465ee728b)
Start importing Assets/One-Click_Wall_Materials/Textures/grunge1_N.png using Guid(92c3e414a7193c94cb7ce5e3c2262432) Importer(815301076,1909f56bfc062723c751e8b465ee728b)  -> (artifact id: 'f2a8f413b78f379d98de1a52e1cd38a4') in 0.023362 seconds 
========================================================================
Received Import Request.
  Time since last request: 14.738300 seconds.
  path: Assets/One-Click_Wall_Materials/Textures/grunge3_N.png
  artifactKey: Guid(eaed060c8107af04dbe6835d79545b37) Importer(815301076,1909f56bfc062723c751e8b465ee728b)
Start importing Assets/One-Click_Wall_Materials/Textures/grunge3_N.png using Guid(eaed060c8107af04dbe6835d79545b37) Importer(815301076,1909f56bfc062723c751e8b465ee728b)  -> (artifact id: '13350aff30f78b574656f1bd098606ed') in 0.045686 seconds 
========================================================================
Received Import Request.
  Time since last request: 386.527940 seconds.
  path: Assets/One-Click_Wall_Materials/Materials/Wall3.mat
  artifactKey: Guid(c5cc8d05abfead941a418ea40febb57b) Importer(815301076,1909f56bfc062723c751e8b465ee728b)
Start importing Assets/One-Click_Wall_Materials/Materials/Wall3.mat using Guid(c5cc8d05abfead941a418ea40febb57b) Importer(815301076,1909f56bfc062723c751e8b465ee728b)  -> (artifact id: 'd9e7d5c22d38908975e79ebe15794fc0') in 0.163726 seconds 
========================================================================
Received Import Request.
  Time since last request: 607.379235 seconds.
  path: Assets/Stylized Texture Pack/Stylized Texture Pack 2k .png/Stylized_Tiles_02/CubbleStone_ArcTiles_Custom_basecolor.png
  artifactKey: Guid(6c7b6aff676daab4f8a2838ff1ee954b) Importer(815301076,1909f56bfc062723c751e8b465ee728b)
Start importing Assets/Stylized Texture Pack/Stylized Texture Pack 2k .png/Stylized_Tiles_02/CubbleStone_ArcTiles_Custom_basecolor.png using Guid(6c7b6aff676daab4f8a2838ff1ee954b) Importer(815301076,1909f56bfc062723c751e8b465ee728b)  -> (artifact id: '1f2755887e37bcbd3f333957aa495c49') in 0.041111 seconds 
========================================================================
Received Import Request.
  Time since last request: 0.000119 seconds.
  path: Assets/Stylized Texture Pack/Stylized Texture Pack 2k .png/Stylized_Tiles_02/Stylized_Tiles_02.mat
  artifactKey: Guid(a0ba87accca579d4d8a8dece84121993) Importer(815301076,1909f56bfc062723c751e8b465ee728b)
Start importing Assets/Stylized Texture Pack/Stylized Texture Pack 2k .png/Stylized_Tiles_02/Stylized_Tiles_02.mat using Guid(a0ba87accca579d4d8a8dece84121993) Importer(815301076,1909f56bfc062723c751e8b465ee728b)  -> (artifact id: '9897b78f698cf2a768945fae242c162a') in 1.487219 seconds 
========================================================================
Received Import Request.
  Time since last request: 2.659105 seconds.
  path: Assets/Stylized Texture Pack/Stylized Texture Pack 2k .png/Stylized_Brick_01/Stylized_Brick_01.mat
  artifactKey: Guid(82cead14871ca7f46b901b1f422ef471) Importer(815301076,1909f56bfc062723c751e8b465ee728b)
Start importing Assets/Stylized Texture Pack/Stylized Texture Pack 2k .png/Stylized_Brick_01/Stylized_Brick_01.mat using Guid(82cead14871ca7f46b901b1f422ef471) Importer(815301076,1909f56bfc062723c751e8b465ee728b)  -> (artifact id: 'a521d787c071cec5c44e0dc9a3ceed77') in 0.057747 seconds 
Editor requested this worker to shutdown with reason: Scaling down because of idle timeout
AssetImportWorker is now disconnected from the server
Process exiting
Exiting without the bug reporter. Application will terminate with return code 0